#
# A fatal error has been detected by the Java Runtime Environment:
#
#  EXCEPTION_ACCESS_VIOLATION (0xc0000005) at pc=0x00007fff8897c0a1, pid=9332, tid=3448
#
# JRE version: OpenJDK Runtime Environment Temurin-25.0.2+10 (25.0.2+10) (build 25.0.2+10-LTS)
# Java VM: OpenJDK 64-Bit Server VM Temurin-25.0.2+10 (25.0.2+10-LTS, mixed mode, sharing, tiered, compressed oops, compressed class ptrs, g1 gc, windows-amd64)
# Problematic frame:
# C  [awt.dll+0xdc0a1]
#
# No core dump will be written. Minidumps are not enabled by default on client versions of Windows
#
# If you would like to submit a bug report, please visit:
#   https://github.com/adoptium/adoptium-support/issues
# The crash happened outside the Java Virtual Machine in native code.
# See problematic frame for where to report the bug.
#

---------------  S U M M A R Y ------------

Command Line: -Dfile.encoding=UTF-8 -Dstdout.encoding=UTF-8 -Dstderr.encoding=UTF-8 --module-path=C:\Users\tripl\OneDrive\Documentos\mysql-connector-j-9.7.0\mysql-connector-j-9.7.0.jar -XX:+ShowCodeDetailsInExceptionMessages components.Janela1

Host: AMD Ryzen 5 5600 6-Core Processor              , 12 cores, 15G,  Windows 11 , 64 bit Build 26100 (10.0.26100.8328)
Time: Fri May 15 21:35:05 2026 Hora oficial do Brasil elapsed time: 539.117106 seconds (0d 0h 8m 59s)

---------------  T H R E A D  ---------------

Current thread (0x000001f3f242f730):  JavaThread "AWT-Windows" daemon [_thread_in_native, id=3448, stack(0x0000003890a00000,0x0000003890b00000) (1024K)]

Stack: [0x0000003890a00000,0x0000003890b00000],  sp=0x0000003890afedd0,  free space=1019k
Native frames: (J=compiled Java code, j=interpreted, Vv=VM code, C=native code)
C  [awt.dll+0xdc0a1]  (no source info available)
C  [awt.dll+0x97c2c]  (no source info available)
C  [awt.dll+0x97cd6]  (no source info available)
C  [awt.dll+0x9507a]  (no source info available)
C  [awt.dll+0xe058c]  (no source info available)
C  [awt.dll+0xb130d]  (no source info available)
C  [awt.dll+0x981fd]  (no source info available)
C  [USER32.dll+0xc396]  (no source info available)
C  [USER32.dll+0xbe5c]  (no source info available)
C  [awt.dll+0x16543]  (no source info available)
C  [COMCTL32.dll+0x2ced8]  (no source info available)
C  [COMCTL32.dll+0x2ccaf]  (no source info available)
C  [USER32.dll+0xc396]  (no source info available)
C  [USER32.dll+0xa7ed]  (no source info available)
C  [awt.dll+0xd577e]  (no source info available)
C  [awt.dll+0xd7572]  (no source info available)
C  0x000001f3ddcad193  (no source info available)

The last pc belongs to native method entry point (kind = native) (printed below).
Java frames: (J=compiled Java code, j=interpreted, Vv=VM code)
j  sun.awt.windows.WToolkit.eventLoop()V+0 java.desktop@25.0.2
j  sun.awt.windows.WToolkit.run()V+56 java.desktop@25.0.2
j  java.lang.Thread.runWith(Ljava/lang/Object;Ljava/lang/Runnable;)V+5 java.base@25.0.2
j  java.lang.Thread.run()V+19 java.base@25.0.2
v  ~StubRoutines::call_stub 0x000001f3ddca12ed

siginfo: EXCEPTION_ACCESS_VIOLATION (0xc0000005), reading address 0x0000000000000008


Registers:
RAX=0x0000000000000000, RBX=0x000001f3edb57700, RCX=0x0000000000000000, RDX=0x0000000000000000
RSP=0x0000003890afedd0, RBP=0x0000003890afeee9, RSI=0x00000000490115ca, RDI=0x0000000000000000
R8 =0x0000000000000001, R9 =0x000000388f1dc000, R10=0x0000000000000000, R11=0x0000000000000246
R12=0x0000000000000000, R13=0x0000000000000001, R14=0x000001f3fb543b00, R15=0x0000000000000000
RIP=0x00007fff8897c0a1, EFLAGS=0x0000000000010246

XMM[0]=0x0000000000000000 0x0000000000000000
XMM[1]=0x0000000000000000 0x0000000000000000
XMM[2]=0x0000000000000000 0x0000000000000000
XMM[3]=0x0000000000000000 0x0000000000000000
XMM[4]=0x0000000000000000 0x0000000000000000
XMM[5]=0x0000000000000000 0x0000000000000000
XMM[6]=0x0000000000000000 0x0000000000000000
XMM[7]=0x0000000000000000 0x0000000000000000
XMM[8]=0x0000000000000000 0x0000000000000000
XMM[9]=0x0000000000000000 0x0000000000000000
XMM[10]=0x0000000000000000 0x0000000000000000
XMM[11]=0x0000000000000000 0x0000000000000000
XMM[12]=0x0000000000000000 0x0000000000000000
XMM[13]=0x0000000000000000 0x0000000000000000
XMM[14]=0x0000000000000000 0x0000000000000000
XMM[15]=0x0000000000000000 0x0000000000000000
  MXCSR=0x00001fa0


Register to memory mapping:

RAX=0x0 is null
RBX=0x000001f3edb57700 points into unknown readable memory: 0x000001f3edb9d6b0 | b0 d6 b9 ed f3 01 00 00
RCX=0x0 is null
RDX=0x0 is null
RSP=0x0000003890afedd0 is pointing into the stack for thread: 0x000001f3f242f730
RBP=0x0000003890afeee9 is pointing into the stack for thread: 0x000001f3f242f730
RSI=0x00000000490115ca is pointing into metadata
RDI=0x0 is null
R8 =0x0000000000000001 is an unknown value
R9 =0x000000388f1dc000 points into unknown readable memory: 0x0000000000000000 | 00 00 00 00 00 00 00 00
R10=0x0 is null
R11=0x0000000000000246 is an unknown value
R12=0x0 is null
R13=0x0000000000000001 is an unknown value
R14=0x000001f3fb543b00 points into unknown readable memory: 0x00007fff889ab930 | 30 b9 9a 88 ff 7f 00 00
R15=0x0 is null

Top of Stack: (sp=0x0000003890afedd0)
0x0000003890afedd0:   00007fff889d9838 00000000490115ca   8..........I....
0x0000003890afede0:   000001f3fb543b00 000001f3f242fb78   .;T.....x.B.....
0x0000003890afedf0:   0000000000000000 00007fff88937c2c   ........,|......
0x0000003890afee00:   00000000490115ca 000001f3fb543b00   ...I.....;T.....
0x0000003890afee10:   000001f3edb57700 00007fff888b6543   .w......Ce......
0x0000003890afee20:   000001f3f242fb78 00007fff88937cd6   x.B......|......
0x0000003890afee30:   000001f3fb543ba0 0000000000000001   .;T.............
0x0000003890afee40:   0000000000000000 0000003890afedf8   ............8...
0x0000003890afee50:   000001f3f242fb78 00007fff8893507a   x.B.....zP......
0x0000003890afee60:   000001f3fb543ba0 0000003890afef44   .;T.....D...8...
0x0000003890afee70:   0000000000000000 00007fff7dec8ae2   ...........}....
0x0000003890afee80:   00007fff889381a0 00007ff881f0f6be   ................
0x0000003890afee90:   000001f3f242fb78 00007ff880eac919   x.B.............
0x0000003890afeea0:   0000003800000310 0000000000000000   ....8...........
0x0000003890afeeb0:   0000003890afef44 0000000000000000   D...8...........
0x0000003890afeec0:   0000000000000000 0000000000000000   ................
0x0000003890afeed0:   000001f3fb543ba0 000001f3f242fb78   .;T.....x.B.....
0x0000003890afeee0:   0000000000000000 0000000000000000   ................
0x0000003890afeef0:   0000de8a5ff28277 0000000000000000   w.._............
0x0000003890afef00:   0000000000000000 0000000000000000   ................
0x0000003890afef10:   0000000000000000 0000000000000000   ................
0x0000003890afef20:   0000000000000000 0000000000000310   ................
0x0000003890afef30:   0000000000000000 000001f3fb543b00   .........;T.....
0x0000003890afef40:   000001f3fb543b00 00007fff8898058c   .;T.............
0x0000003890afef50:   0000000000000000 0000f10d79612cf6   .........,ay....
0x0000003890afef60:   000042d44938fbe4 0000000000000022   ..8I.B..".......
0x0000003890afef70:   000000000000c22f 0000000000000000   /...............
0x0000003890afef80:   0000000000000000 00007ff880e7c569   ........i.......
0x0000003890afef90:   0000000000000000 0000000000000001   ................
0x0000003890afefa0:   0000000000000022 00007ff881f7047f   "...............
0x0000003890afefb0:   00000000000809f8 00007ff880e7d7ba   ................
0x0000003890afefc0:   ffffffffffffffeb 0000de8a5ff28347   ........G.._....

Instructions: (pc=0x00007fff8897c0a1)
  0x00007fff8897bfa1:   83 ec 28 66 0f 6e c2 0f 5b c0 f3 0f 59 41 48 0f
  0x00007fff8897bfb1:   5a c8 f2 0f 10 05 7d 3c 03 00 f2 0f 5c 0d 85 3c
  0x00007fff8897bfc1:   01 00 66 0f 2f c1 76 0a b8 00 00 00 80 48 83 c4
  0x00007fff8897bfd1:   28 c3 66 0f 2f 0d f5 85 02 00 76 0a b8 ff ff ff
  0x00007fff8897bfe1:   7f 48 83 c4 28 c3 0f 28 c1 e8 9b ff 00 00 f2 0f
  0x00007fff8897bff1:   2c c0 48 83 c4 28 c3 cc cc cc cc cc cc cc cc 48
  0x00007fff8897c001:   83 ec 28 66 0f 6e c2 0f 5b c0 f3 0f 59 41 4c 0f
  0x00007fff8897c011:   5a c8 f2 0f 10 05 1d 3c 03 00 f2 0f 5c 0d 25 3c
  0x00007fff8897c021:   01 00 66 0f 2f c1 76 0a b8 00 00 00 80 48 83 c4
  0x00007fff8897c031:   28 c3 66 0f 2f 0d 95 85 02 00 76 0a b8 ff ff ff
  0x00007fff8897c041:   7f 48 83 c4 28 c3 0f 28 c1 e8 3b ff 00 00 f2 0f
  0x00007fff8897c051:   2c c0 48 83 c4 28 c3 cc cc cc cc cc cc cc cc 48
  0x00007fff8897c061:   8b 49 08 48 85 c9 0f 85 43 82 fe ff 33 c0 c3 48
  0x00007fff8897c071:   89 5c 24 08 48 89 74 24 10 57 48 83 ec 20 8b fa
  0x00007fff8897c081:   48 8b f1 e8 97 c1 f4 ff 48 8b d8 48 89 44 24 40
  0x00007fff8897c091:   41 b8 01 00 00 00 8b d7 48 8b c8 e8 ef c0 f4 ff
=>0x00007fff8897c0a1:   48 8b 48 08 48 85 c9 74 0d 48 8b d6 e8 fe 81 fe
  0x00007fff8897c0b1:   ff 48 8b f8 eb 02 33 ff 48 8b cb e8 1f c3 f4 ff
  0x00007fff8897c0c1:   90 48 8b c7 48 8b 5c 24 30 48 8b 74 24 38 48 83
  0x00007fff8897c0d1:   c4 20 5f c3 cc cc cc cc cc cc cc cc cc cc cc 48
  0x00007fff8897c0e1:   8b 01 89 10 c3 cc cc cc cc cc cc cc cc cc cc 40
  0x00007fff8897c0f1:   57 48 83 ec 40 48 83 79 38 00 48 8b f9 0f 84 98
  0x00007fff8897c101:   01 00 00 48 8b 0d d5 9d 06 00 ba 02 00 01 00 48
  0x00007fff8897c111:   89 5c 24 58 48 89 74 24 68 e8 00 c7 00 00 4c 8b
  0x00007fff8897c121:   05 62 a3 06 00 48 8b c8 48 8b 57 38 48 8b d8 4c
  0x00007fff8897c131:   8b 08 41 ff 91 f8 02 00 00 48 8b f0 48 85 c0 0f
  0x00007fff8897c141:   84 4c 01 00 00 4c 8b 0b 48 8b d0 4c 8b 05 25 a3
  0x00007fff8897c151:   06 00 48 8b cb 41 ff 91 00 01 00 00 84 c0 0f 84
  0x00007fff8897c161:   2d 01 00 00 48 8b 7f 08 48 8b d6 48 8b 03 48 8b
  0x00007fff8897c171:   cb 4c 8b 05 17 a3 06 00 48 81 c7 00 04 00 00 48
  0x00007fff8897c181:   89 6c 24 60 4c 89 7c 24 20 ff 90 f8 02 00 00 4c
  0x00007fff8897c191:   8b 0b 48 8b d6 4c 8b 05 fb a2 06 00 48 8b cb 4c


Stack slot to memory mapping:

stack at sp + 0 slots: 0x00007fff889d9838 awt.dll
stack at sp + 1 slots: 0x00000000490115ca is pointing into metadata
stack at sp + 2 slots: 0x000001f3fb543b00 points into unknown readable memory: 0x00007fff889ab930 | 30 b9 9a 88 ff 7f 00 00
stack at sp + 3 slots: 0x000001f3f242fb78 points into unknown readable memory: 0x00007fff7e4bddc0 | c0 dd 4b 7e ff 7f 00 00
stack at sp + 4 slots: 0x0 is null
stack at sp + 5 slots: 0x00007fff88937c2c awt.dll
stack at sp + 6 slots: 0x00000000490115ca is pointing into metadata
stack at sp + 7 slots: 0x000001f3fb543b00 points into unknown readable memory: 0x00007fff889ab930 | 30 b9 9a 88 ff 7f 00 00

Lock stack of current Java thread (top to bottom):

native method entry point (kind = native)  [0x000001f3ddcacdc0, 0x000001f3ddcad8b8]  2808 bytes
[MachCode]
  0x000001f3ddcacdc0: 488b 4b08 | 0fb7 492e | 584c 8d74 | ccf8 6800 | 0000 0068 | 0000 0000 | 5055 488b | ec41 5548 
  0x000001f3ddcacde0: 8b43 084c | 8d68 3848 | 8b40 0868 | 0000 0000 | 5348 8b50 | 1848 8b52 | 7048 8b12 | 5248 8b53 
  0x000001f3ddcace00: 1048 85d2 | 7407 4881 | c2d0 0000 | 0052 488b | 5010 5249 | 8bc6 482b | c548 c1e8 | 0350 6800 
  0x000001f3ddcace20: 0000 0068 | f7ff ffff | 41c6 87f1 | 0400 0001 | 488b 4310 | 4885 c074 | 208b 8890 | 0000 0083 
  0x000001f3ddcace40: c102 8988 | 9000 0000 | 2388 a400 | 0000 0f84 | b209 0000 | e9cf 0000 | 0048 8b43 | 1848 85c0 
  0x000001f3ddcace60: 0f85 b000 | 0000 e805 | 0000 00e9 | 9900 0000 | 488b d348 | 8d44 2408 | 4c89 6dc0 | 498b cfc5 
  0x000001f3ddcace80: f877 4989 | af38 0400 | 0049 8987 | 2804 0000 | 4883 ec20 | 40f6 c40f | 0f84 1900 | 0000 4883 
  0x000001f3ddcacea0: ec08 48b8 | 0032 b97d | ff7f 0000 | ffd0 4883 | c408 e90c | 0000 0048 | b800 32b9 | 7dff 7f00 
  0x000001f3ddcacec0: 00ff d048 | 83c4 2049 | c787 2804 | 0000 0000 | 0000 49c7 | 8738 0400 | 0000 0000 | 0049 c787 
  0x000001f3ddcacee0: 3004 0000 | 0000 0000 | c5f8 7749 | 837f 0800 | 0f84 0500 | 0000 e9e5 | 42ff ff4c | 8b6d c04c 
  0x000001f3ddcacf00: 8b75 c84e | 8d74 f500 | c348 8b43 | 1848 85c0 | 0f84 1200 | 0000 8b48 | 0883 c102 | 8948 0823 
  0x000001f3ddcacf20: 482c 0f84 | de08 0000 | 493b a770 | 0500 000f | 8748 0000 | 0089 8424 | 00f0 ffff | 8984 2400 
  0x000001f3ddcacf40: e0ff ff89 | 8424 00d0 | ffff 8984 | 2400 c0ff | ff89 8424 | 00b0 ffff | 8984 2400 | a0ff ff89 
  0x000001f3ddcacf60: 8424 0090 | ffff 8984 | 2400 80ff | ff49 3ba7 | 6805 0000 | 7607 4989 | a770 0500 | 0041 c687 
  0x000001f3ddcacf80: f104 0000 | 0048 8b5d | e84c 8b5b | 0845 0fb7 | 5b2e 41c1 | e303 492b | e348 83ec | 2048 83e4 
  0x000001f3ddcacfa0: f04c 8b5b | 604d 85db | 0f85 ab00 | 0000 e805 | 0000 00e9 | 9900 0000 | 488b d348 | 8d44 2408 
  0x000001f3ddcacfc0: 4c89 6dc0 | 498b cfc5 | f877 4989 | af38 0400 | 0049 8987 | 2804 0000 | 4883 ec20 | 40f6 c40f 
  0x000001f3ddcacfe0: 0f84 1900 | 0000 4883 | ec08 48b8 | 305b b97d | ff7f 0000 | ffd0 4883 | c408 e90c | 0000 0048 
  0x000001f3ddcad000: b830 5bb9 | 7dff 7f00 | 00ff d048 | 83c4 2049 | c787 2804 | 0000 0000 | 0000 49c7 | 8738 0400 
  0x000001f3ddcad020: 0000 0000 | 0049 c787 | 3004 0000 | 0000 0000 | c5f8 7749 | 837f 0800 | 0f84 0500 | 0000 e99d 
  0x000001f3ddcad040: 41ff ff4c | 8b6d c04c | 8b75 c84e | 8d74 f500 | c348 8b5d | e84c 8b5b | 6041 ffd3 | 488b 5de8 
  0x000001f3ddcad060: 4889 4518 | 440f b75b | 2c41 f6c3 | 080f 841b | 0000 004c | 8b5b 084d | 8b5b 084d | 8b5b 184d 
  0x000001f3ddcad080: 8b5b 704d | 8b1b 4c89 | 5d10 488d | 5510 488b | 4358 49ba | 302f f47d | ff7f 0000 | 493b c20f 
  0x000001f3ddcad0a0: 85ab 0000 | 00e8 0500 | 0000 e999 | 0000 0048 | 8bd3 488d | 4424 084c | 896d c049 | 8bcf c5f8 
  0x000001f3ddcad0c0: 7749 89af | 3804 0000 | 4989 8728 | 0400 0048 | 83ec 2040 | f6c4 0f0f | 8419 0000 | 0048 83ec 
  0x000001f3ddcad0e0: 0848 b830 | 5bb9 7dff | 7f00 00ff | d048 83c4 | 08e9 0c00 | 0000 48b8 | 305b b97d | ff7f 0000 
  0x000001f3ddcad100: ffd0 4883 | c420 49c7 | 8728 0400 | 0000 0000 | 0049 c787 | 3804 0000 | 0000 0000 | 49c7 8730 
  0x000001f3ddcad120: 0400 0000 | 0000 00c5 | f877 4983 | 7f08 000f | 8405 0000 | 00e9 a640 | ffff 4c8b | 6dc0 4c8b 
  0x000001f3ddcad140: 75c8 4e8d | 74f5 00c3 | 488b 5de8 | 488b 4358 | 498d 8f48 | 0400 004c | 8d15 d500 | 0000 4d89 
  0x000001f3ddcad160: 9730 0400 | 00c5 f877 | 4989 af38 | 0400 0049 | 89a7 2804 | 0000 41c7 | 87d4 0400 | 0004 0000 
  0x000001f3ddcad180: 0049 3ba7 | c805 0000 | 7607 4989 | a7c8 0500 | 00ff d049 | 3ba7 c805 | 0000 720b | 49c7 87c8 
  0x000001f3ddcad1a0: 0500 0000 | 0000 00c5 | f877 4883 | ec10 c5fb | 1104 2448 | 83ec 1048 | 8904 2448 | c744 2408 
  0x000001f3ddcad1c0: 0000 0000 | 41c7 87d4 | 0400 0005 | 0000 00f0 | 8344 24c0 | 0049 3b6f | 280f 870e | 0000 0041 
  0x000001f3ddcad1e0: 83bf d004 | 0000 000f | 8420 0000 | 0049 8bcf | 4c8b e448 | 83ec 2048 | 83e4 f048 | b8b0 c1ba 
  0x000001f3ddcad200: 7dff 7f00 | 00ff d049 | 8be4 4d33 | e441 c787 | d404 0000 | 0800 0000 | 4d8b 97f0 | 0500 0049 
  0x000001f3ddcad220: 83fa 0074 | 3549 c787 | f005 0000 | 0000 0000 | 41ff e249 | ba60 beca | ddf3 0100 | 0041 ffd2 
  0x000001f3ddcad240: 4883 ec10 | c5fb 1104 | 2448 83ec | 1048 8904 | 2448 c744 | 2408 0000 | 0000 49c7 | 8728 0400 
  0x000001f3ddcad260: 0000 0000 | 0049 c787 | 3804 0000 | 0000 0000 | 49c7 8730 | 0400 0000 | 0000 00c5 | f877 4d8b 
  0x000001f3ddcad280: 9fb8 0400 | 0041 c783 | 0001 0000 | 0000 0000 | 49bb 5aa7 | cadd f301 | 0000 4c3b | 5d18 0f85 
  0x000001f3ddcad2a0: 5501 0000 | 488b 0424 | 4883 c410 | 4885 c00f | 842f 0100 | 00a8 030f | 8508 0000 | 0048 8b00 
  0x000001f3ddcad2c0: e91f 0100 | 00a8 010f | 8509 0000 | 0048 8b40 | fee9 0e01 | 0000 488b | 40ff 4180 | 7f48 000f 
  0x000001f3ddcad2e0: 84ff 0000 | 0048 83f8 | 000f 84f5 | 0000 004d | 8b5f 384d | 85db 0f84 | 1400 0000 | 4983 eb08 
  0x000001f3ddcad300: 4d89 5f38 | 4d03 5f40 | 4989 03e9 | d400 0000 | 4883 ec70 | 4889 0424 | 4889 4c24 | 0848 8954 
  0x000001f3ddcad320: 2410 4c89 | 4424 184c | 894c 2420 | 4c89 5424 | 284c 895c | 2430 c5fb | 1144 2440 | c5fb 114c 
  0x000001f3ddcad340: 2448 c5fb | 1154 2450 | c5fb 115c | 2458 c5fb | 1164 2460 | c5fb 116c | 2468 498b | d748 8bc8 
  0x000001f3ddcad360: 4883 ec20 | 40f6 c40f | 0f84 1900 | 0000 4883 | ec08 48b8 | d081 ad7d | ff7f 0000 | ffd0 4883 
  0x000001f3ddcad380: c408 e90c | 0000 0048 | b8d0 81ad | 7dff 7f00 | 00ff d048 | 83c4 20c5 | fb10 6c24 | 68c5 fb10 
  0x000001f3ddcad3a0: 6424 60c5 | fb10 5c24 | 58c5 fb10 | 5424 50c5 | fb10 4c24 | 48c5 fb10 | 4424 404c | 8b5c 2430 
  0x000001f3ddcad3c0: 4c8b 5424 | 284c 8b4c | 2420 4c8b | 4424 1848 | 8b54 2410 | 488b 4c24 | 0848 8b04 | 2448 83c4 
  0x000001f3ddcad3e0: 70c5 f877 | 4889 4510 | 4883 ec10 | 4889 0424 | 48c7 4424 | 0800 0000 | 0041 83bf | 5005 0000 
  0x000001f3ddcad400: 020f 85bf | 0000 0048 | 81ec 8000 | 0000 4889 | 4424 7848 | 894c 2470 | 4889 5424 | 6848 895c 
  0x000001f3ddcad420: 2460 4889 | 6c24 5048 | 8974 2448 | 4889 7c24 | 404c 8944 | 2438 4c89 | 4c24 304c | 8954 2428 
  0x000001f3ddcad440: 4c89 5c24 | 204c 8964 | 2418 4c89 | 6c24 104c | 8974 2408 | 4c89 3c24 | 4c8b e448 | 83ec 2048 
  0x000001f3ddcad460: 83e4 f048 | b8a0 16f4 | 7dff 7f00 | 00ff d049 | 8be4 4c8b | 3c24 4c8b | 7424 084c | 8b6c 2410 
  0x000001f3ddcad480: 4c8b 6424 | 184c 8b5c | 2420 4c8b | 5424 284c | 8b4c 2430 | 4c8b 4424 | 3848 8b7c | 2440 488b 
  0x000001f3ddcad4a0: 7424 4848 | 8b6c 2450 | 488b 5c24 | 6048 8b54 | 2468 488b | 4c24 7048 | 8b44 2478 | 4881 c480 
  0x000001f3ddcad4c0: 0000 004d | 33e4 488b | 5de8 4c8b | 6b08 4d8d | 6d38 4983 | 7f08 000f | 84bb 0000 | 00e8 0500 
  0x000001f3ddcad4e0: 0000 e996 | 0000 0048 | 8d44 2408 | 4c89 6dc0 | 498b cfc5 | f877 4989 | af38 0400 | 0049 8987 
  0x000001f3ddcad500: 2804 0000 | 4883 ec20 | 40f6 c40f | 0f84 1900 | 0000 4883 | ec08 48b8 | 7079 b97d | ff7f 0000 
  0x000001f3ddcad520: ffd0 4883 | c408 e90c | 0000 0048 | b870 79b9 | 7dff 7f00 | 00ff d048 | 83c4 2049 | c787 2804 
  0x000001f3ddcad540: 0000 0000 | 0000 49c7 | 8738 0400 | 0000 0000 | 0049 c787 | 3004 0000 | 0000 0000 | c5f8 7749 
  0x000001f3ddcad560: 837f 0800 | 0f84 0500 | 0000 e971 | 3cff ff4c | 8b6d c04c | 8b75 c84e | 8d74 f500 | c348 b970 
  0x000001f3ddcad580: 0026 7eff | 7f00 0048 | 83e4 f048 | b870 90e0 | 7dff 7f00 | 00ff d0f4 | 440f b75b | 2c41 f6c3 
  0x000001f3ddcad5a0: 200f 8472 | 0100 0048 | 8d55 a84c | 8b5a 084d | 85db 0f85 | bb00 0000 | e805 0000 | 00e9 9600 
  0x000001f3ddcad5c0: 0000 488d | 4424 084c | 896d c049 | 8bcf c5f8 | 7749 89af | 3804 0000 | 4989 8728 | 0400 0048 
  0x000001f3ddcad5e0: 83ec 2040 | f6c4 0f0f | 8419 0000 | 0048 83ec | 0848 b8a0 | 78b9 7dff | 7f00 00ff | d048 83c4 
  0x000001f3ddcad600: 08e9 0c00 | 0000 48b8 | a078 b97d | ff7f 0000 | ffd0 4883 | c420 49c7 | 8728 0400 | 0000 0000 
  0x000001f3ddcad620: 0049 c787 | 3804 0000 | 0000 0000 | 49c7 8730 | 0400 0000 | 0000 00c5 | f877 4983 | 7f08 000f 
  0x000001f3ddcad640: 8405 0000 | 00e9 963b | ffff 4c8b | 6dc0 4c8b | 75c8 4e8d | 74f5 00c3 | 48b9 7000 | 267e ff7f 
  0x000001f3ddcad660: 0000 4883 | e4f0 48b8 | 7090 e07d | ff7f 0000 | ffd0 f44c | 896d c04c | 8b4a 0848 | c742 0800 
  0x000001f3ddcad680: 0000 0045 | 8b87 d806 | 0000 4f3b | 4c07 f80f | 8542 0000 | 0041 83af | d806 0000 | 084f 3b4c 
  0x000001f3ddcad6a0: 07f0 0f84 | 2a00 0000 | 498b 01a8 | 020f 8512 | 0000 004c | 8bc0 4983 | c801 f04d | 0fb1 010f 
  0x000001f3ddcad6c0: 840d 0000 | 0041 8387 | d806 0000 | 08e9 0500 | 0000 e93e | 0000 004c | 894a 0848 | 8bca 4883 
  0x000001f3ddcad6e0: ec20 40f6 | c40f 0f84 | 1900 0000 | 4883 ec08 | 48b8 f04a | b97d ff7f | 0000 ffd0 | 4883 c408 
  0x000001f3ddcad700: e90c 0000 | 0048 b8f0 | 4ab9 7dff | 7f00 00ff | d048 83c4 | 204c 8b6d | c041 c687 | 9603 0000 
  0x000001f3ddcad720: 0149 3b6f | 280f 8705 | 0000 00e9 | ab00 0000 | 4883 ec10 | c5fb 1104 | 2448 83ec | 1048 8904 
  0x000001f3ddcad740: 2448 c744 | 2408 0000 | 0000 c5f8 | 7749 89af | 3804 0000 | 49ba 4ad7 | cadd f301 | 0000 4d89 
  0x000001f3ddcad760: 9730 0400 | 0049 89a7 | 2804 0000 | 498b cf48 | 83ec 2040 | f6c4 0f0f | 8419 0000 | 0048 83ec 
  0x000001f3ddcad780: 0848 b890 | 31b9 7dff | 7f00 00ff | d048 83c4 | 08e9 0c00 | 0000 48b8 | 9031 b97d | ff7f 0000 
  0x000001f3ddcad7a0: ffd0 4883 | c420 49c7 | 8728 0400 | 0000 0000 | 0049 c787 | 3804 0000 | 0000 0000 | 49c7 8730 
  0x000001f3ddcad7c0: 0400 0000 | 0000 00c5 | f877 488b | 0424 4883 | c410 c5fb | 1004 2448 | 83c4 1048 | 8b04 2448 
  0x000001f3ddcad7e0: 83c4 10c5 | fb10 0424 | 4883 c410 | 4c8b 5d18 | 41ff d34c | 8b5d f8c9 | 41c6 8796 | 0300 0000 
  0x000001f3ddcad800: 5f49 8be3 | ffe7 ba00 | 0000 00e8 | 0500 0000 | e996 0000 | 0048 8d44 | 2408 4c89 | 6dc0 498b 
  0x000001f3ddcad820: cfc5 f877 | 4989 af38 | 0400 0049 | 8987 2804 | 0000 4883 | ec20 40f6 | c40f 0f84 | 1900 0000 
  0x000001f3ddcad840: 4883 ec08 | 48b8 e040 | b97d ff7f | 0000 ffd0 | 4883 c408 | e90c 0000 | 0048 b8e0 | 40b9 7dff 
  0x000001f3ddcad860: 7f00 00ff | d048 83c4 | 2049 c787 | 2804 0000 | 0000 0000 | 49c7 8738 | 0400 0000 | 0000 0049 
  0x000001f3ddcad880: c787 3004 | 0000 0000 | 0000 c5f8 | 7749 837f | 0800 0f84 | 0500 0000 | e943 39ff | ff4c 8b6d 
  0x000001f3ddcad8a0: c04c 8b75 | c84e 8d74 | f500 c348 | 8b5d e8e9 | 74f6 ffff | 0f1f 4000 
[/MachCode]

---------------  P R O C E S S  ---------------

Threads class SMR info:
_java_thread_list=0x000001f3fb8509f0, length=17, elements={
0x000001f3ed671210, 0x000001f3ed6727f0, 0x000001f3ed679930, 0x000001f3ed67a0f0,
0x000001f3ed685850, 0x000001f3ed686f80, 0x000001f3ed68ed00, 0x000001f3ed697710,
0x000001f3ed9c6c30, 0x000001f3edb1e080, 0x000001f3f2342fa0, 0x000001f3f242ed60,
0x000001f3f242f730, 0x000001f3f230b310, 0x000001f3cb98d2e0, 0x000001f3fb5d0b50,
0x000001f3fb7b6d30
}

Java Threads: ( => current thread )
  0x000001f3ed671210 JavaThread "Reference Handler"          daemon [_thread_blocked, id=25260, stack(0x000000388fd00000,0x000000388fe00000) (1024K)]
  0x000001f3ed6727f0 JavaThread "Finalizer"                  daemon [_thread_blocked, id=15448, stack(0x000000388fe00000,0x000000388ff00000) (1024K)]
  0x000001f3ed679930 JavaThread "Signal Dispatcher"          daemon [_thread_blocked, id=20664, stack(0x000000388ff00000,0x0000003890000000) (1024K)]
  0x000001f3ed67a0f0 JavaThread "Attach Listener"            daemon [_thread_blocked, id=17204, stack(0x0000003890000000,0x0000003890100000) (1024K)]
  0x000001f3ed685850 JavaThread "Service Thread"             daemon [_thread_blocked, id=17372, stack(0x0000003890100000,0x0000003890200000) (1024K)]
  0x000001f3ed686f80 JavaThread "Monitor Deflation Thread"   daemon [_thread_blocked, id=11472, stack(0x0000003890200000,0x0000003890300000) (1024K)]
  0x000001f3ed68ed00 JavaThread "C2 CompilerThread0"         daemon [_thread_blocked, id=7132, stack(0x0000003890300000,0x0000003890400000) (1024K)]
  0x000001f3ed697710 JavaThread "C1 CompilerThread0"         daemon [_thread_blocked, id=5948, stack(0x0000003890400000,0x0000003890500000) (1024K)]
  0x000001f3ed9c6c30 JavaThread "Common-Cleaner"             daemon [_thread_blocked, id=22324, stack(0x0000003890500000,0x0000003890600000) (1024K)]
  0x000001f3edb1e080 JavaThread "Notification Thread"        daemon [_thread_blocked, id=1680, stack(0x0000003890700000,0x0000003890800000) (1024K)]
  0x000001f3f2342fa0 JavaThread "Java2D Disposer"            daemon [_thread_blocked, id=9268, stack(0x0000003890800000,0x0000003890900000) (1024K)]
  0x000001f3f242ed60 JavaThread "AWT-Shutdown"                      [_thread_blocked, id=19904, stack(0x0000003890900000,0x0000003890a00000) (1024K)]
=>0x000001f3f242f730 JavaThread "AWT-Windows"                daemon [_thread_in_native, id=3448, stack(0x0000003890a00000,0x0000003890b00000) (1024K)]
  0x000001f3f230b310 JavaThread "AWT-EventQueue-0"                  [_thread_in_native, id=18788, stack(0x0000003890b00000,0x0000003890c00000) (1024K)]
  0x000001f3cb98d2e0 JavaThread "DestroyJavaVM"                     [_thread_blocked, id=24112, stack(0x000000388f500000,0x000000388f600000) (1024K)]
  0x000001f3fb5d0b50 JavaThread "TimerQueue"                 daemon [_thread_blocked, id=8296, stack(0x0000003891700000,0x0000003891800000) (1024K)]
  0x000001f3fb7b6d30 JavaThread "D3D Screen Updater"         daemon [_thread_blocked, id=6444, stack(0x0000003891b00000,0x0000003891c00000) (1024K)]
Total: 17

Other Threads:
  0x000001f3ed65f440 VMThread "VM Thread"                           [id=25376, stack(0x000000388fc00000,0x000000388fd00000) (1024K)]
  0x000001f3ed650d20 WatcherThread "VM Periodic Task Thread"        [id=21180, stack(0x000000388fb00000,0x000000388fc00000) (1024K)]
  0x000001f3cdce7450 WorkerThread "GC Thread#0"                     [id=25036, stack(0x000000388f600000,0x000000388f700000) (1024K)]
  0x000001f3cdd017d0 ConcurrentGCThread "G1 Main Marker"            [id=3224, stack(0x000000388f700000,0x000000388f800000) (1024K)]
  0x000001f3cdd04380 WorkerThread "G1 Conc#0"                       [id=19256, stack(0x000000388f800000,0x000000388f900000) (1024K)]
  0x000001f3ed524ab0 ConcurrentGCThread "G1 Refine#0"               [id=15980, stack(0x000000388f900000,0x000000388fa00000) (1024K)]
  0x000001f3ed525370 ConcurrentGCThread "G1 Service"                [id=372, stack(0x000000388fa00000,0x000000388fb00000) (1024K)]
Total: 7

Threads with active compile tasks:
Total: 0

VM state: not at safepoint (normal execution)

VM Mutex/Monitor currently owned by a thread: None

Heap address: 0x0000000701200000, size: 4078 MB, Compressed Oops mode: Zero based, Oop shift amount: 3

CDS archive(s) mapped at: [0x000000002e000000-0x000000002edd0000-0x000000002edd0000), size 14483456, SharedBaseAddress: 0x000000002e000000, ArchiveRelocationMode: 1.
Compressed class space mapped at: 0x000000002f000000-0x000000006f000000, reserved size: 1073741824
UseCompressedClassPointers 1, UseCompactObjectHeaders 0
Narrow klass pointer bits 32, Max shift 3
Narrow klass base: 0x000000002e000000, Narrow klass shift: 0
Encoding Range: [0x000000002e000000 - 0x000000012e000000), (4294967296 bytes)
Klass Range:    [0x000000002e010000 - 0x000000006f000000), (1090453504 bytes)
Klass ID Range:  [65536 - 1090519033) (1090453497)
Protection zone: [0x000000002e000000 - 0x000000002e010000), (65536 bytes)

GC Precious Log:
 CardTable entry size: 512
 Card Set container configuration: InlinePtr #cards 4 size 8 Array Of Cards #cards 16 size 48 Howl #buckets 8 coarsen threshold 3686 Howl Bitmap #cards 512 size 80 coarsen threshold 460 Card regions per heap region 1 cards per card region 4096
 CPUs: 12 total, 12 available
 Memory: 16308M
 Large Page Support: Disabled
 NUMA Support: Disabled
 Compressed Oops: Enabled (Zero based)
 Heap Region Size: 2M
 Heap Min Capacity: 8M
 Heap Initial Capacity: 256M
 Heap Max Capacity: 4078M
 Pre-touch: Disabled
 Parallel Workers: 10
 Concurrent Workers: 3
 Concurrent Refinement Workers: 10
 Periodic GC: Disabled

Heap:
 garbage-first heap   total reserved 4175872K, committed 264192K, used 23699K [0x0000000701200000, 0x0000000800000000)
  region size 2048K, 12 young (24576K), 0 survivors (0K)

Heap Regions: E=young(eden), S=young(survivor), O=old, HS=humongous(starts), HC=humongous(continues), CS=collection set, F=free, TAMS=top-at-mark-start, PB=parsable bottom
|   0|0x0000000701200000, 0x0000000701200000, 0x0000000701400000|  0%| F|  |TAMS 0x0000000701200000| PB 0x0000000701200000| Untracked |  0
|   1|0x0000000701400000, 0x0000000701400000, 0x0000000701600000|  0%| F|  |TAMS 0x0000000701400000| PB 0x0000000701400000| Untracked |  0
|   2|0x0000000701600000, 0x0000000701600000, 0x0000000701800000|  0%| F|  |TAMS 0x0000000701600000| PB 0x0000000701600000| Untracked |  0
|   3|0x0000000701800000, 0x0000000701800000, 0x0000000701a00000|  0%| F|  |TAMS 0x0000000701800000| PB 0x0000000701800000| Untracked |  0
|   4|0x0000000701a00000, 0x0000000701a00000, 0x0000000701c00000|  0%| F|  |TAMS 0x0000000701a00000| PB 0x0000000701a00000| Untracked |  0
|   5|0x0000000701c00000, 0x0000000701c00000, 0x0000000701e00000|  0%| F|  |TAMS 0x0000000701c00000| PB 0x0000000701c00000| Untracked |  0
|   6|0x0000000701e00000, 0x0000000701e00000, 0x0000000702000000|  0%| F|  |TAMS 0x0000000701e00000| PB 0x0000000701e00000| Untracked |  0
|   7|0x0000000702000000, 0x0000000702000000, 0x0000000702200000|  0%| F|  |TAMS 0x0000000702000000| PB 0x0000000702000000| Untracked |  0
|   8|0x0000000702200000, 0x0000000702200000, 0x0000000702400000|  0%| F|  |TAMS 0x0000000702200000| PB 0x0000000702200000| Untracked |  0
|   9|0x0000000702400000, 0x0000000702400000, 0x0000000702600000|  0%| F|  |TAMS 0x0000000702400000| PB 0x0000000702400000| Untracked |  0
|  10|0x0000000702600000, 0x0000000702600000, 0x0000000702800000|  0%| F|  |TAMS 0x0000000702600000| PB 0x0000000702600000| Untracked |  0
|  11|0x0000000702800000, 0x0000000702800000, 0x0000000702a00000|  0%| F|  |TAMS 0x0000000702800000| PB 0x0000000702800000| Untracked |  0
|  12|0x0000000702a00000, 0x0000000702a00000, 0x0000000702c00000|  0%| F|  |TAMS 0x0000000702a00000| PB 0x0000000702a00000| Untracked |  0
|  13|0x0000000702c00000, 0x0000000702c00000, 0x0000000702e00000|  0%| F|  |TAMS 0x0000000702c00000| PB 0x0000000702c00000| Untracked |  0
|  14|0x0000000702e00000, 0x0000000702e00000, 0x0000000703000000|  0%| F|  |TAMS 0x0000000702e00000| PB 0x0000000702e00000| Untracked |  0
|  15|0x0000000703000000, 0x0000000703000000, 0x0000000703200000|  0%| F|  |TAMS 0x0000000703000000| PB 0x0000000703000000| Untracked |  0
|  16|0x0000000703200000, 0x0000000703200000, 0x0000000703400000|  0%| F|  |TAMS 0x0000000703200000| PB 0x0000000703200000| Untracked |  0
|  17|0x0000000703400000, 0x0000000703400000, 0x0000000703600000|  0%| F|  |TAMS 0x0000000703400000| PB 0x0000000703400000| Untracked |  0
|  18|0x0000000703600000, 0x0000000703600000, 0x0000000703800000|  0%| F|  |TAMS 0x0000000703600000| PB 0x0000000703600000| Untracked |  0
|  19|0x0000000703800000, 0x0000000703800000, 0x0000000703a00000|  0%| F|  |TAMS 0x0000000703800000| PB 0x0000000703800000| Untracked |  0
|  20|0x0000000703a00000, 0x0000000703a00000, 0x0000000703c00000|  0%| F|  |TAMS 0x0000000703a00000| PB 0x0000000703a00000| Untracked |  0
|  21|0x0000000703c00000, 0x0000000703c00000, 0x0000000703e00000|  0%| F|  |TAMS 0x0000000703c00000| PB 0x0000000703c00000| Untracked |  0
|  22|0x0000000703e00000, 0x0000000703e00000, 0x0000000704000000|  0%| F|  |TAMS 0x0000000703e00000| PB 0x0000000703e00000| Untracked |  0
|  23|0x0000000704000000, 0x0000000704000000, 0x0000000704200000|  0%| F|  |TAMS 0x0000000704000000| PB 0x0000000704000000| Untracked |  0
|  24|0x0000000704200000, 0x0000000704200000, 0x0000000704400000|  0%| F|  |TAMS 0x0000000704200000| PB 0x0000000704200000| Untracked |  0
|  25|0x0000000704400000, 0x0000000704400000, 0x0000000704600000|  0%| F|  |TAMS 0x0000000704400000| PB 0x0000000704400000| Untracked |  0
|  26|0x0000000704600000, 0x0000000704600000, 0x0000000704800000|  0%| F|  |TAMS 0x0000000704600000| PB 0x0000000704600000| Untracked |  0
|  27|0x0000000704800000, 0x0000000704800000, 0x0000000704a00000|  0%| F|  |TAMS 0x0000000704800000| PB 0x0000000704800000| Untracked |  0
|  28|0x0000000704a00000, 0x0000000704a00000, 0x0000000704c00000|  0%| F|  |TAMS 0x0000000704a00000| PB 0x0000000704a00000| Untracked |  0
|  29|0x0000000704c00000, 0x0000000704c00000, 0x0000000704e00000|  0%| F|  |TAMS 0x0000000704c00000| PB 0x0000000704c00000| Untracked |  0
|  30|0x0000000704e00000, 0x0000000704e00000, 0x0000000705000000|  0%| F|  |TAMS 0x0000000704e00000| PB 0x0000000704e00000| Untracked |  0
|  31|0x0000000705000000, 0x0000000705000000, 0x0000000705200000|  0%| F|  |TAMS 0x0000000705000000| PB 0x0000000705000000| Untracked |  0
|  32|0x0000000705200000, 0x0000000705200000, 0x0000000705400000|  0%| F|  |TAMS 0x0000000705200000| PB 0x0000000705200000| Untracked |  0
|  33|0x0000000705400000, 0x0000000705400000, 0x0000000705600000|  0%| F|  |TAMS 0x0000000705400000| PB 0x0000000705400000| Untracked |  0
|  34|0x0000000705600000, 0x0000000705600000, 0x0000000705800000|  0%| F|  |TAMS 0x0000000705600000| PB 0x0000000705600000| Untracked |  0
|  35|0x0000000705800000, 0x0000000705800000, 0x0000000705a00000|  0%| F|  |TAMS 0x0000000705800000| PB 0x0000000705800000| Untracked |  0
|  36|0x0000000705a00000, 0x0000000705a00000, 0x0000000705c00000|  0%| F|  |TAMS 0x0000000705a00000| PB 0x0000000705a00000| Untracked |  0
|  37|0x0000000705c00000, 0x0000000705c00000, 0x0000000705e00000|  0%| F|  |TAMS 0x0000000705c00000| PB 0x0000000705c00000| Untracked |  0
|  38|0x0000000705e00000, 0x0000000705e00000, 0x0000000706000000|  0%| F|  |TAMS 0x0000000705e00000| PB 0x0000000705e00000| Untracked |  0
|  39|0x0000000706000000, 0x0000000706000000, 0x0000000706200000|  0%| F|  |TAMS 0x0000000706000000| PB 0x0000000706000000| Untracked |  0
|  40|0x0000000706200000, 0x0000000706200000, 0x0000000706400000|  0%| F|  |TAMS 0x0000000706200000| PB 0x0000000706200000| Untracked |  0
|  41|0x0000000706400000, 0x0000000706400000, 0x0000000706600000|  0%| F|  |TAMS 0x0000000706400000| PB 0x0000000706400000| Untracked |  0
|  42|0x0000000706600000, 0x0000000706600000, 0x0000000706800000|  0%| F|  |TAMS 0x0000000706600000| PB 0x0000000706600000| Untracked |  0
|  43|0x0000000706800000, 0x0000000706800000, 0x0000000706a00000|  0%| F|  |TAMS 0x0000000706800000| PB 0x0000000706800000| Untracked |  0
|  44|0x0000000706a00000, 0x0000000706a00000, 0x0000000706c00000|  0%| F|  |TAMS 0x0000000706a00000| PB 0x0000000706a00000| Untracked |  0
|  45|0x0000000706c00000, 0x0000000706c00000, 0x0000000706e00000|  0%| F|  |TAMS 0x0000000706c00000| PB 0x0000000706c00000| Untracked |  0
|  46|0x0000000706e00000, 0x0000000706e00000, 0x0000000707000000|  0%| F|  |TAMS 0x0000000706e00000| PB 0x0000000706e00000| Untracked |  0
|  47|0x0000000707000000, 0x0000000707000000, 0x0000000707200000|  0%| F|  |TAMS 0x0000000707000000| PB 0x0000000707000000| Untracked |  0
|  48|0x0000000707200000, 0x0000000707200000, 0x0000000707400000|  0%| F|  |TAMS 0x0000000707200000| PB 0x0000000707200000| Untracked |  0
|  49|0x0000000707400000, 0x0000000707400000, 0x0000000707600000|  0%| F|  |TAMS 0x0000000707400000| PB 0x0000000707400000| Untracked |  0
|  50|0x0000000707600000, 0x0000000707600000, 0x0000000707800000|  0%| F|  |TAMS 0x0000000707600000| PB 0x0000000707600000| Untracked |  0
|  51|0x0000000707800000, 0x0000000707800000, 0x0000000707a00000|  0%| F|  |TAMS 0x0000000707800000| PB 0x0000000707800000| Untracked |  0
|  52|0x0000000707a00000, 0x0000000707a00000, 0x0000000707c00000|  0%| F|  |TAMS 0x0000000707a00000| PB 0x0000000707a00000| Untracked |  0
|  53|0x0000000707c00000, 0x0000000707c00000, 0x0000000707e00000|  0%| F|  |TAMS 0x0000000707c00000| PB 0x0000000707c00000| Untracked |  0
|  54|0x0000000707e00000, 0x0000000707e00000, 0x0000000708000000|  0%| F|  |TAMS 0x0000000707e00000| PB 0x0000000707e00000| Untracked |  0
|  55|0x0000000708000000, 0x0000000708000000, 0x0000000708200000|  0%| F|  |TAMS 0x0000000708000000| PB 0x0000000708000000| Untracked |  0
|  56|0x0000000708200000, 0x0000000708200000, 0x0000000708400000|  0%| F|  |TAMS 0x0000000708200000| PB 0x0000000708200000| Untracked |  0
|  57|0x0000000708400000, 0x0000000708400000, 0x0000000708600000|  0%| F|  |TAMS 0x0000000708400000| PB 0x0000000708400000| Untracked |  0
|  58|0x0000000708600000, 0x0000000708600000, 0x0000000708800000|  0%| F|  |TAMS 0x0000000708600000| PB 0x0000000708600000| Untracked |  0
|  59|0x0000000708800000, 0x0000000708800000, 0x0000000708a00000|  0%| F|  |TAMS 0x0000000708800000| PB 0x0000000708800000| Untracked |  0
|  60|0x0000000708a00000, 0x0000000708a00000, 0x0000000708c00000|  0%| F|  |TAMS 0x0000000708a00000| PB 0x0000000708a00000| Untracked |  0
|  61|0x0000000708c00000, 0x0000000708c00000, 0x0000000708e00000|  0%| F|  |TAMS 0x0000000708c00000| PB 0x0000000708c00000| Untracked |  0
|  62|0x0000000708e00000, 0x0000000708e00000, 0x0000000709000000|  0%| F|  |TAMS 0x0000000708e00000| PB 0x0000000708e00000| Untracked |  0
|  63|0x0000000709000000, 0x0000000709000000, 0x0000000709200000|  0%| F|  |TAMS 0x0000000709000000| PB 0x0000000709000000| Untracked |  0
|  64|0x0000000709200000, 0x0000000709200000, 0x0000000709400000|  0%| F|  |TAMS 0x0000000709200000| PB 0x0000000709200000| Untracked |  0
|  65|0x0000000709400000, 0x0000000709400000, 0x0000000709600000|  0%| F|  |TAMS 0x0000000709400000| PB 0x0000000709400000| Untracked |  0
|  66|0x0000000709600000, 0x0000000709600000, 0x0000000709800000|  0%| F|  |TAMS 0x0000000709600000| PB 0x0000000709600000| Untracked |  0
|  67|0x0000000709800000, 0x0000000709800000, 0x0000000709a00000|  0%| F|  |TAMS 0x0000000709800000| PB 0x0000000709800000| Untracked |  0
|  68|0x0000000709a00000, 0x0000000709a00000, 0x0000000709c00000|  0%| F|  |TAMS 0x0000000709a00000| PB 0x0000000709a00000| Untracked |  0
|  69|0x0000000709c00000, 0x0000000709c00000, 0x0000000709e00000|  0%| F|  |TAMS 0x0000000709c00000| PB 0x0000000709c00000| Untracked |  0
|  70|0x0000000709e00000, 0x0000000709e00000, 0x000000070a000000|  0%| F|  |TAMS 0x0000000709e00000| PB 0x0000000709e00000| Untracked |  0
|  71|0x000000070a000000, 0x000000070a000000, 0x000000070a200000|  0%| F|  |TAMS 0x000000070a000000| PB 0x000000070a000000| Untracked |  0
|  72|0x000000070a200000, 0x000000070a200000, 0x000000070a400000|  0%| F|  |TAMS 0x000000070a200000| PB 0x000000070a200000| Untracked |  0
|  73|0x000000070a400000, 0x000000070a400000, 0x000000070a600000|  0%| F|  |TAMS 0x000000070a400000| PB 0x000000070a400000| Untracked |  0
|  74|0x000000070a600000, 0x000000070a600000, 0x000000070a800000|  0%| F|  |TAMS 0x000000070a600000| PB 0x000000070a600000| Untracked |  0
|  75|0x000000070a800000, 0x000000070a800000, 0x000000070aa00000|  0%| F|  |TAMS 0x000000070a800000| PB 0x000000070a800000| Untracked |  0
|  76|0x000000070aa00000, 0x000000070aa00000, 0x000000070ac00000|  0%| F|  |TAMS 0x000000070aa00000| PB 0x000000070aa00000| Untracked |  0
|  77|0x000000070ac00000, 0x000000070ac00000, 0x000000070ae00000|  0%| F|  |TAMS 0x000000070ac00000| PB 0x000000070ac00000| Untracked |  0
|  78|0x000000070ae00000, 0x000000070ae00000, 0x000000070b000000|  0%| F|  |TAMS 0x000000070ae00000| PB 0x000000070ae00000| Untracked |  0
|  79|0x000000070b000000, 0x000000070b000000, 0x000000070b200000|  0%| F|  |TAMS 0x000000070b000000| PB 0x000000070b000000| Untracked |  0
|  80|0x000000070b200000, 0x000000070b200000, 0x000000070b400000|  0%| F|  |TAMS 0x000000070b200000| PB 0x000000070b200000| Untracked |  0
|  81|0x000000070b400000, 0x000000070b400000, 0x000000070b600000|  0%| F|  |TAMS 0x000000070b400000| PB 0x000000070b400000| Untracked |  0
|  82|0x000000070b600000, 0x000000070b600000, 0x000000070b800000|  0%| F|  |TAMS 0x000000070b600000| PB 0x000000070b600000| Untracked |  0
|  83|0x000000070b800000, 0x000000070b800000, 0x000000070ba00000|  0%| F|  |TAMS 0x000000070b800000| PB 0x000000070b800000| Untracked |  0
|  84|0x000000070ba00000, 0x000000070ba00000, 0x000000070bc00000|  0%| F|  |TAMS 0x000000070ba00000| PB 0x000000070ba00000| Untracked |  0
|  85|0x000000070bc00000, 0x000000070bc00000, 0x000000070be00000|  0%| F|  |TAMS 0x000000070bc00000| PB 0x000000070bc00000| Untracked |  0
|  86|0x000000070be00000, 0x000000070be00000, 0x000000070c000000|  0%| F|  |TAMS 0x000000070be00000| PB 0x000000070be00000| Untracked |  0
|  87|0x000000070c000000, 0x000000070c000000, 0x000000070c200000|  0%| F|  |TAMS 0x000000070c000000| PB 0x000000070c000000| Untracked |  0
|  88|0x000000070c200000, 0x000000070c200000, 0x000000070c400000|  0%| F|  |TAMS 0x000000070c200000| PB 0x000000070c200000| Untracked |  0
|  89|0x000000070c400000, 0x000000070c400000, 0x000000070c600000|  0%| F|  |TAMS 0x000000070c400000| PB 0x000000070c400000| Untracked |  0
|  90|0x000000070c600000, 0x000000070c600000, 0x000000070c800000|  0%| F|  |TAMS 0x000000070c600000| PB 0x000000070c600000| Untracked |  0
|  91|0x000000070c800000, 0x000000070c800000, 0x000000070ca00000|  0%| F|  |TAMS 0x000000070c800000| PB 0x000000070c800000| Untracked |  0
|  92|0x000000070ca00000, 0x000000070ca00000, 0x000000070cc00000|  0%| F|  |TAMS 0x000000070ca00000| PB 0x000000070ca00000| Untracked |  0
|  93|0x000000070cc00000, 0x000000070cc00000, 0x000000070ce00000|  0%| F|  |TAMS 0x000000070cc00000| PB 0x000000070cc00000| Untracked |  0
|  94|0x000000070ce00000, 0x000000070ce00000, 0x000000070d000000|  0%| F|  |TAMS 0x000000070ce00000| PB 0x000000070ce00000| Untracked |  0
|  95|0x000000070d000000, 0x000000070d000000, 0x000000070d200000|  0%| F|  |TAMS 0x000000070d000000| PB 0x000000070d000000| Untracked |  0
|  96|0x000000070d200000, 0x000000070d200000, 0x000000070d400000|  0%| F|  |TAMS 0x000000070d200000| PB 0x000000070d200000| Untracked |  0
|  97|0x000000070d400000, 0x000000070d400000, 0x000000070d600000|  0%| F|  |TAMS 0x000000070d400000| PB 0x000000070d400000| Untracked |  0
|  98|0x000000070d600000, 0x000000070d600000, 0x000000070d800000|  0%| F|  |TAMS 0x000000070d600000| PB 0x000000070d600000| Untracked |  0
|  99|0x000000070d800000, 0x000000070d800000, 0x000000070da00000|  0%| F|  |TAMS 0x000000070d800000| PB 0x000000070d800000| Untracked |  0
| 100|0x000000070da00000, 0x000000070da00000, 0x000000070dc00000|  0%| F|  |TAMS 0x000000070da00000| PB 0x000000070da00000| Untracked |  0
| 101|0x000000070dc00000, 0x000000070dc00000, 0x000000070de00000|  0%| F|  |TAMS 0x000000070dc00000| PB 0x000000070dc00000| Untracked |  0
| 102|0x000000070de00000, 0x000000070de00000, 0x000000070e000000|  0%| F|  |TAMS 0x000000070de00000| PB 0x000000070de00000| Untracked |  0
| 103|0x000000070e000000, 0x000000070e000000, 0x000000070e200000|  0%| F|  |TAMS 0x000000070e000000| PB 0x000000070e000000| Untracked |  0
| 104|0x000000070e200000, 0x000000070e200000, 0x000000070e400000|  0%| F|  |TAMS 0x000000070e200000| PB 0x000000070e200000| Untracked |  0
| 105|0x000000070e400000, 0x000000070e400000, 0x000000070e600000|  0%| F|  |TAMS 0x000000070e400000| PB 0x000000070e400000| Untracked |  0
| 106|0x000000070e600000, 0x000000070e600000, 0x000000070e800000|  0%| F|  |TAMS 0x000000070e600000| PB 0x000000070e600000| Untracked |  0
| 107|0x000000070e800000, 0x000000070e800000, 0x000000070ea00000|  0%| F|  |TAMS 0x000000070e800000| PB 0x000000070e800000| Untracked |  0
| 108|0x000000070ea00000, 0x000000070ea00000, 0x000000070ec00000|  0%| F|  |TAMS 0x000000070ea00000| PB 0x000000070ea00000| Untracked |  0
| 109|0x000000070ec00000, 0x000000070ec00000, 0x000000070ee00000|  0%| F|  |TAMS 0x000000070ec00000| PB 0x000000070ec00000| Untracked |  0
| 110|0x000000070ee00000, 0x000000070ee00000, 0x000000070f000000|  0%| F|  |TAMS 0x000000070ee00000| PB 0x000000070ee00000| Untracked |  0
| 111|0x000000070f000000, 0x000000070f000000, 0x000000070f200000|  0%| F|  |TAMS 0x000000070f000000| PB 0x000000070f000000| Untracked |  0
| 112|0x000000070f200000, 0x000000070f200000, 0x000000070f400000|  0%| F|  |TAMS 0x000000070f200000| PB 0x000000070f200000| Untracked |  0
| 113|0x000000070f400000, 0x000000070f400000, 0x000000070f600000|  0%| F|  |TAMS 0x000000070f400000| PB 0x000000070f400000| Untracked |  0
| 114|0x000000070f600000, 0x000000070f600000, 0x000000070f800000|  0%| F|  |TAMS 0x000000070f600000| PB 0x000000070f600000| Untracked |  0
| 115|0x000000070f800000, 0x000000070f800000, 0x000000070fa00000|  0%| F|  |TAMS 0x000000070f800000| PB 0x000000070f800000| Untracked |  0
| 116|0x000000070fa00000, 0x000000070fbef930, 0x000000070fc00000| 96%| E|  |TAMS 0x000000070fa00000| PB 0x000000070fa00000| Complete |  0
| 117|0x000000070fc00000, 0x000000070fe00000, 0x000000070fe00000|100%| E|CS|TAMS 0x000000070fc00000| PB 0x000000070fc00000| Complete |  0
| 118|0x000000070fe00000, 0x0000000710000000, 0x0000000710000000|100%| E|CS|TAMS 0x000000070fe00000| PB 0x000000070fe00000| Complete |  0
| 119|0x0000000710000000, 0x0000000710200000, 0x0000000710200000|100%| E|CS|TAMS 0x0000000710000000| PB 0x0000000710000000| Complete |  0
| 120|0x0000000710200000, 0x0000000710400000, 0x0000000710400000|100%| E|CS|TAMS 0x0000000710200000| PB 0x0000000710200000| Complete |  0
| 121|0x0000000710400000, 0x0000000710600000, 0x0000000710600000|100%| E|CS|TAMS 0x0000000710400000| PB 0x0000000710400000| Complete |  0
| 122|0x0000000710600000, 0x0000000710800000, 0x0000000710800000|100%| E|CS|TAMS 0x0000000710600000| PB 0x0000000710600000| Complete |  0
| 123|0x0000000710800000, 0x0000000710a00000, 0x0000000710a00000|100%| E|CS|TAMS 0x0000000710800000| PB 0x0000000710800000| Complete |  0
| 124|0x0000000710a00000, 0x0000000710c00000, 0x0000000710c00000|100%| E|CS|TAMS 0x0000000710a00000| PB 0x0000000710a00000| Complete |  0
| 125|0x0000000710c00000, 0x0000000710e00000, 0x0000000710e00000|100%| E|CS|TAMS 0x0000000710c00000| PB 0x0000000710c00000| Complete |  0
| 126|0x0000000710e00000, 0x0000000711000000, 0x0000000711000000|100%| E|CS|TAMS 0x0000000710e00000| PB 0x0000000710e00000| Complete |  0
| 127|0x0000000711000000, 0x0000000711200000, 0x0000000711200000|100%| E|CS|TAMS 0x0000000711000000| PB 0x0000000711000000| Complete |  0
|2038|0x00000007ffe00000, 0x00000007fff24ea8, 0x0000000800000000| 57%| O|  |TAMS 0x00000007ffe00000| PB 0x00000007ffe00000| Untracked |  0

Card table byte_map: [0x000001f3e64c0000,0x000001f3e6cc0000] _byte_map_base: 0x000001f3e2cb7000

Marking Bits: (CMBitMap*) 0x000001f3cdce7be0
 Bits: [0x000001f3e6cc0000, 0x000001f3eac78000)

Polling page: 0x000001f3cbab0000

Metaspace:
Metaspace        used 11275K, committed 11520K, reserved 1114112K
 class space     used 1281K, committed 1408K, reserved 1048576K

Usage:
  Non-class:      9.76 MB used.
      Class:      1.25 MB used.
       Both:     11.01 MB used.

Virtual space:
  Non-class space:       64.00 MB reserved,       9.88 MB ( 15%) committed,  1 nodes.
      Class space:        1.00 GB reserved,       1.38 MB ( <1%) committed,  1 nodes.
             Both:        1.06 GB reserved,      11.25 MB (  1%) committed. 

Chunk freelists:
   Non-Class:  6.10 MB
       Class:  14.61 MB
        Both:  20.71 MB

MaxMetaspaceSize: unlimited
CompressedClassSpaceSize: 1.00 GB
Initial GC threshold: 21.00 MB
Current GC threshold: 21.00 MB
CDS: on
 - commit_granule_bytes: 65536.
 - commit_granule_words: 8192.
 - virtual_space_node_default_size: 8388608.
 - enlarge_chunks_in_place: 1.
UseCompressedClassPointers 1, UseCompactObjectHeaders 0
Narrow klass pointer bits 32, Max shift 3
Narrow klass base: 0x000000002e000000, Narrow klass shift: 0
Encoding Range: [0x000000002e000000 - 0x000000012e000000), (4294967296 bytes)
Klass Range:    [0x000000002e010000 - 0x000000006f000000), (1090453504 bytes)
Klass ID Range:  [65536 - 1090519033) (1090453497)
Protection zone: [0x000000002e000000 - 0x000000002e010000), (65536 bytes)


Internal statistics:

num_allocs_failed_limit: 0.
num_arena_births: 110.
num_arena_deaths: 0.
num_vsnodes_births: 2.
num_vsnodes_deaths: 0.
num_space_committed: 180.
num_space_uncommitted: 0.
num_chunks_returned_to_freelist: 0.
num_chunks_taken_from_freelist: 156.
num_chunk_merges: 0.
num_chunk_splits: 89.
num_chunks_enlarged: 45.
num_inconsistent_stats: 0.

CodeHeap 'non-profiled nmethods': size=120064Kb used=754Kb max_used=754Kb free=119309Kb
 bounds [0x000001f3de230000, 0x000001f3de4a0000, 0x000001f3e5770000]
CodeHeap 'profiled nmethods': size=120000Kb used=3310Kb max_used=3310Kb free=116689Kb
 bounds [0x000001f3d6770000, 0x000001f3d6ab0000, 0x000001f3ddca0000]
CodeHeap 'non-nmethods': size=5696Kb used=1551Kb max_used=1624Kb free=4144Kb
 bounds [0x000001f3ddca0000, 0x000001f3ddf10000, 0x000001f3de230000]
CodeCache: size=245760Kb, used=5615Kb, max_used=5688Kb, free=240142Kb
 total_blobs=2923, nmethods=2240, adapters=586, full_count=0
Compilation: enabled, stopped_count=0, restarted_count=0

Compilation events (20 events):
Event: 417.525 Thread 0x000001f3ed68ed00 2231       4       sun.java2d.d3d.D3DRenderer::validateContext (53 bytes)
Event: 417.526 Thread 0x000001f3ed68ed00 nmethod 2231 0x000001f3de2ea408 code [0x000001f3de2ea500, 0x000001f3de2ea7b8]
Event: 418.325 Thread 0x000001f3ed68ed00 2232       4       sun.java2d.d3d.D3DSurfaceData$D3DWindowSurfaceData::isDirty (18 bytes)
Event: 418.326 Thread 0x000001f3ed68ed00 nmethod 2232 0x000001f3de2ea808 code [0x000001f3de2ea900, 0x000001f3de2ea9e0]
Event: 420.929 Thread 0x000001f3ed68ed00 2233       4       java.util.ArrayList::toArray (57 bytes)
Event: 420.931 Thread 0x000001f3ed68ed00 nmethod 2233 0x000001f3de2eab08 code [0x000001f3de2eac00, 0x000001f3de2eb0e8]
Event: 425.533 Thread 0x000001f3ed68ed00 2234       4       javax.swing.JComponent::getGraphics (33 bytes)
Event: 425.533 Thread 0x000001f3ed68ed00 nmethod 2234 0x000001f3de2eb108 code [0x000001f3de2eb200, 0x000001f3de2eb2d8]
Event: 435.141 Thread 0x000001f3ed68ed00 2235       4       java.awt.Component::bounds (24 bytes)
Event: 435.142 Thread 0x000001f3ed68ed00 nmethod 2235 0x000001f3de2eb408 code [0x000001f3de2eb500, 0x000001f3de2eb5f8]
Event: 461.568 Thread 0x000001f3ed68ed00 2236       4       java.awt.Rectangle::translate (197 bytes)
Event: 461.568 Thread 0x000001f3ed68ed00 nmethod 2236 0x000001f3de2eb708 code [0x000001f3de2eb800, 0x000001f3de2eb928]
Event: 491.596 Thread 0x000001f3ed68ed00 2237       4       sun.java2d.pipe.RenderQueue::unlock (4 bytes)
Event: 491.598 Thread 0x000001f3ed68ed00 nmethod 2237 0x000001f3de2eba08 code [0x000001f3de2ebb00, 0x000001f3de2ebd68]
Event: 504.110 Thread 0x000001f3ed68ed00 2238       4       java.util.HashMap::clear (50 bytes)
Event: 504.111 Thread 0x000001f3ed68ed00 nmethod 2238 0x000001f3de2ebd88 code [0x000001f3de2ebe80, 0x000001f3de2ec030]
Event: 508.116 Thread 0x000001f3ed68ed00 2239       4       sun.java2d.d3d.D3DSurfaceData::getBounds (98 bytes)
Event: 508.118 Thread 0x000001f3ed68ed00 nmethod 2239 0x000001f3de2ec088 code [0x000001f3de2ec1a0, 0x000001f3de2ec580]
Event: 530.646 Thread 0x000001f3ed68ed00 2240       4       sun.java2d.pipe.RenderQueue::lock (4 bytes)
Event: 530.647 Thread 0x000001f3ed68ed00 nmethod 2240 0x000001f3de2ec608 code [0x000001f3de2ec700, 0x000001f3de2ec938]

GC Heap Usage History (0 events):
No events

Metaspace Usage History (0 events):
No events

Dll operation events (8 events):
Event: 0.007 Loaded shared library C:\Program Files\Eclipse Adoptium\jdk-25.0.2.10-hotspot\bin\java.dll
Event: 0.040 Loaded shared library C:\Program Files\Eclipse Adoptium\jdk-25.0.2.10-hotspot\bin\net.dll
Event: 0.041 Loaded shared library C:\Program Files\Eclipse Adoptium\jdk-25.0.2.10-hotspot\bin\nio.dll
Event: 0.047 Loaded shared library C:\Program Files\Eclipse Adoptium\jdk-25.0.2.10-hotspot\bin\zip.dll
Event: 0.083 Loaded shared library C:\Program Files\Eclipse Adoptium\jdk-25.0.2.10-hotspot\bin\jimage.dll
Event: 0.091 Loaded shared library C:\Program Files\Eclipse Adoptium\jdk-25.0.2.10-hotspot\bin\awt.dll
Event: 0.239 Loaded shared library C:\Program Files\Eclipse Adoptium\jdk-25.0.2.10-hotspot\bin\freetype.dll
Event: 0.240 Loaded shared library C:\Program Files\Eclipse Adoptium\jdk-25.0.2.10-hotspot\bin\fontmanager.dll

Deoptimization events (20 events):
Event: 13.008 Thread 0x000001f3f230b310 DEOPT PACKING pc=0x000001f3de2b7a78 sp=0x0000003890bfd920
Event: 13.008 Thread 0x000001f3f230b310 DEOPT UNPACKING pc=0x000001f3dddbf882 sp=0x0000003890bfd898 mode 2
Event: 21.682 Thread 0x000001f3f230b310 Uncommon trap: trap_request=0xffffff45 fr.pc=0x000001f3de2473d8 relative=0x0000000000000158
Event: 21.682 Thread 0x000001f3f230b310 Uncommon trap: reason=unstable_if action=reinterpret pc=0x000001f3de2473d8 method=java.lang.StringLatin1.lastIndexOf([BI[BII)I @ 86 c2
Event: 21.682 Thread 0x000001f3f230b310 DEOPT PACKING pc=0x000001f3de2473d8 sp=0x0000003890bfd9e0
Event: 21.682 Thread 0x000001f3f230b310 DEOPT UNPACKING pc=0x000001f3dddbf882 sp=0x0000003890bfd938 mode 2
Event: 25.940 Thread 0x000001f3f230b310 Uncommon trap: trap_request=0xffffff66 fr.pc=0x000001f3de2beb14 relative=0x0000000000000314
Event: 25.940 Thread 0x000001f3f230b310 Uncommon trap: reason=loop_limit_check action=maybe_recompile pc=0x000001f3de2beb14 method=java.awt.EventDispatchThread.filterAndCheckEvent(Ljava/awt/AWTEvent;)Z @ 22 c2
Event: 25.940 Thread 0x000001f3f230b310 DEOPT PACKING pc=0x000001f3de2beb14 sp=0x0000003890bfef60
Event: 25.940 Thread 0x000001f3f230b310 DEOPT UNPACKING pc=0x000001f3dddbf882 sp=0x0000003890bfeef0 mode 2
Event: 193.756 Thread 0x000001f3f230b310 DEOPT PACKING pc=0x000001f3d69cdcaf sp=0x0000003890bfed20
Event: 193.756 Thread 0x000001f3f230b310 DEOPT UNPACKING pc=0x000001f3ddcf1702 sp=0x0000003890bfe1b0 mode 0
Event: 307.887 Thread 0x000001f3fb7b6d30 Uncommon trap: trap_request=0xffffffcc fr.pc=0x000001f3de2e4828 relative=0x00000000000002a8
Event: 307.887 Thread 0x000001f3fb7b6d30 Uncommon trap: reason=intrinsic_or_type_checked_inlining action=make_not_entrant pc=0x000001f3de2e4828 method=java.util.Arrays.copyOf([Ljava/lang/Object;ILjava/lang/Class;)[Ljava/lang/Object; @ 35 c2
Event: 307.887 Thread 0x000001f3fb7b6d30 DEOPT PACKING pc=0x000001f3de2e4828 sp=0x0000003891bff410
Event: 307.887 Thread 0x000001f3fb7b6d30 DEOPT UNPACKING pc=0x000001f3dddbf882 sp=0x0000003891bff3a0 mode 2
Event: 410.218 Thread 0x000001f3fb7b6d30 Uncommon trap: trap_request=0xffffffdc fr.pc=0x000001f3de2e9b88 relative=0x0000000000000208
Event: 410.218 Thread 0x000001f3fb7b6d30 Uncommon trap: reason=class_check action=make_not_entrant pc=0x000001f3de2e9b88 method=java.util.ArrayList.toArray([Ljava/lang/Object;)[Ljava/lang/Object; @ 21 c2
Event: 410.218 Thread 0x000001f3fb7b6d30 DEOPT PACKING pc=0x000001f3de2e9b88 sp=0x0000003891bff470
Event: 410.218 Thread 0x000001f3fb7b6d30 DEOPT UNPACKING pc=0x000001f3dddbf882 sp=0x0000003891bff430 mode 2

Classes loaded (20 events):
Event: 21.681 Loading class sun/util/resources/LocaleData$LocaleDataResourceBundleProvider done
Event: 21.681 Loading class sun/util/resources/LocaleData$CommonResourceBundleProvider done
Event: 21.681 Loading class sun/text/resources/BreakIteratorInfo
Event: 21.681 Loading class sun/text/resources/BreakIteratorInfo done
Event: 21.681 Loading class sun/text/resources/BreakIteratorResources
Event: 21.681 Loading class sun/util/resources/BreakIteratorResourceBundle
Event: 21.681 Loading class sun/util/resources/BreakIteratorResourceBundle done
Event: 21.681 Loading class sun/text/resources/BreakIteratorResources done
Event: 21.682 Loading class java/lang/InstantiationException
Event: 21.682 Loading class java/lang/InstantiationException done
Event: 21.682 Loading class sun/text/RuleBasedBreakIterator
Event: 21.682 Loading class sun/text/RuleBasedBreakIterator done
Event: 21.682 Loading class sun/text/CompactByteArray
Event: 21.682 Loading class sun/text/CompactByteArray done
Event: 21.682 Loading class sun/text/SupplementaryCharacterData
Event: 21.682 Loading class sun/text/SupplementaryCharacterData done
Event: 21.682 Loading class java/text/BreakIterator$BreakIteratorCache
Event: 21.683 Loading class java/text/BreakIterator$BreakIteratorCache done
Event: 26.478 Loading class java/awt/KeyboardFocusManager$2
Event: 26.478 Loading class java/awt/KeyboardFocusManager$2 done

Classes unloaded (0 events):
No events

Classes redefined (0 events):
No events

Internal exceptions (20 events):
Event: 0.142 Thread 0x000001f3f230b310 Exception <a 'java/lang/NoSuchMethodError'{0x0000000710b2b7a8}: 'java.lang.Object java.lang.invoke.DirectMethodHandle$Holder.invokeStatic(java.lang.Object, long, java.lang.Object)'> (0x0000000710b2b7a8) 
thrown [s\src\hotspot\share\interpreter\linkResolver.cpp, line 804]
Event: 0.142 Thread 0x000001f3f230b310 Exception <a 'java/lang/NoSuchMethodError'{0x0000000710b338f8}: 'java.lang.Object java.lang.invoke.DirectMethodHandle$Holder.invokeStaticInit(java.lang.Object, long, java.lang.Object)'> (0x0000000710b338f8) 
thrown [s\src\hotspot\share\interpreter\linkResolver.cpp, line 804]
Event: 0.142 Thread 0x000001f3f230b310 Exception <a 'java/lang/NoSuchMethodError'{0x0000000710b3c108}: 'java.lang.Object java.lang.invoke.DirectMethodHandle$Holder.invokeStaticInit(java.lang.Object, long)'> (0x0000000710b3c108) 
thrown [s\src\hotspot\share\interpreter\linkResolver.cpp, line 804]
Event: 0.191 Thread 0x000001f3f230b310 Exception <a 'java/lang/NoSuchMethodError'{0x0000000710bd1928}: 'java.lang.Object java.lang.invoke.DirectMethodHandle$Holder.newInvokeSpecial(java.lang.Object, java.lang.Object, java.lang.Object, java.lang.Object, java.lang.Object)'> (0x0000000710bd1928) 
thrown [s\src\hotspot\share\interpreter\linkResolver.cpp, line 804]
Event: 0.194 Thread 0x000001f3f230b310 Exception <a 'java/lang/NoSuchMethodError'{0x000000071083b5b8}: 'java.lang.Object java.lang.invoke.DirectMethodHandle$Holder.invokeStatic(java.lang.Object, int, java.lang.Object)'> (0x000000071083b5b8) 
thrown [s\src\hotspot\share\interpreter\linkResolver.cpp, line 804]
Event: 0.208 Thread 0x000001f3f230b310 Exception <a 'java/lang/ClassNotFoundException'{0x00000007106676f0}: com/sun/swing/internal/plaf/metal/resources/spi/metalProvider> (0x00000007106676f0) 
thrown [s\src\hotspot\share\classfile\systemDictionary.cpp, line 327]
Event: 0.209 Thread 0x000001f3f230b310 Exception <a 'java/lang/ClassNotFoundException'{0x000000071066c148}: com/sun/swing/internal/plaf/basic/resources/spi/basicProvider> (0x000000071066c148) 
thrown [s\src\hotspot\share\classfile\systemDictionary.cpp, line 327]
Event: 0.214 Thread 0x000001f3f230b310 Exception <a 'java/lang/NoSuchMethodError'{0x000000071069d228}: 'int java.lang.invoke.Invokers$Holder.invokeExact_MT(java.lang.Object, java.lang.Object)'> (0x000000071069d228) 
thrown [s\src\hotspot\share\interpreter\linkResolver.cpp, line 804]
Event: 0.244 Thread 0x000001f3f230b310 Exception <a 'java/lang/NoSuchMethodError'{0x0000000710712860}: 'long java.lang.invoke.DirectMethodHandle$Holder.invokeStaticInit(java.lang.Object, long, long, long, long)'> (0x0000000710712860) 
thrown [s\src\hotspot\share\interpreter\linkResolver.cpp, line 804]
Event: 0.244 Thread 0x000001f3f230b310 Exception <a 'java/lang/NoSuchMethodError'{0x000000071071b2c0}: 'java.lang.Object java.lang.invoke.DirectMethodHandle$Holder.invokeInterface(java.lang.Object, java.lang.Object, long, long)'> (0x000000071071b2c0) 
thrown [s\src\hotspot\share\interpreter\linkResolver.cpp, line 804]
Event: 0.245 Thread 0x000001f3f230b310 Exception <a 'java/lang/NoSuchMethodError'{0x0000000710733c68}: 'void java.lang.invoke.DirectMethodHandle$Holder.invokeStaticInit(java.lang.Object, java.lang.Object, long, java.lang.Object)'> (0x0000000710733c68) 
thrown [s\src\hotspot\share\interpreter\linkResolver.cpp, line 804]
Event: 0.245 Thread 0x000001f3f230b310 Exception <a 'java/lang/NoSuchMethodError'{0x000000071073c8a0}: 'long java.lang.invoke.DirectMethodHandle$Holder.invokeStatic(java.lang.Object, long, long)'> (0x000000071073c8a0) 
thrown [s\src\hotspot\share\interpreter\linkResolver.cpp, line 804]
Event: 0.246 Thread 0x000001f3f230b310 Exception <a 'java/lang/NoSuchMethodError'{0x000000071075e8a8}: 'java.lang.Object java.lang.invoke.DirectMethodHandle$Holder.newInvokeSpecial(java.lang.Object, int, java.lang.Object)'> (0x000000071075e8a8) 
thrown [s\src\hotspot\share\interpreter\linkResolver.cpp, line 804]
Event: 0.261 Thread 0x000001f3f230b310 Exception <a 'java/lang/NoSuchMethodError'{0x00000007107cc250}: 'void java.lang.invoke.DelegatingMethodHandle$Holder.reinvoke_L(java.lang.Object, java.lang.Object, java.lang.Object, long, float)'> (0x00000007107cc250) 
thrown [s\src\hotspot\share\interpreter\linkResolver.cpp, line 804]
Event: 0.263 Thread 0x000001f3f230b310 Exception <a 'java/lang/NoSuchMethodError'{0x00000007107e4760}: 'java.lang.Object java.lang.invoke.DirectMethodHandle$Holder.invokeStatic(java.lang.Object, java.lang.Object, java.lang.Object, java.lang.Object, long)'> (0x00000007107e4760) 
thrown [s\src\hotspot\share\interpreter\linkResolver.cpp, line 804]
Event: 0.264 Thread 0x000001f3f230b310 Exception <a 'java/lang/NoSuchMethodError'{0x0000000710407b98}: 'float java.lang.invoke.DelegatingMethodHandle$Holder.reinvoke_L(java.lang.Object, java.lang.Object, java.lang.Object, long)'> (0x0000000710407b98) 
thrown [s\src\hotspot\share\interpreter\linkResolver.cpp, line 804]
Event: 0.273 Thread 0x000001f3f230b310 Implicit null exception at 0x000001f3de24789d to 0x000001f3de247915
Event: 0.311 Thread 0x000001f3f230b310 Exception <a 'java/lang/NoSuchMethodError'{0x00000007104d4f68}: 'void java.lang.invoke.DirectMethodHandle$Holder.invokeStaticInit(java.lang.Object)'> (0x00000007104d4f68) 
thrown [s\src\hotspot\share\interpreter\linkResolver.cpp, line 804]
Event: 0.348 Thread 0x000001f3f242f730 Exception <a 'java/lang/NoSuchMethodError'{0x0000000710d060e0}: 'void java.lang.invoke.DirectMethodHandle$Holder.invokeVirtual(java.lang.Object, java.lang.Object)'> (0x0000000710d060e0) 
thrown [s\src\hotspot\share\interpreter\linkResolver.cpp, line 804]
Event: 11.673 Thread 0x000001f3f230b310 Exception <a 'java/lang/NoSuchMethodError'{0x0000000710099988}: 'void java.lang.invoke.DirectMethodHandle$Holder.invokeStatic(java.lang.Object, java.lang.Object)'> (0x0000000710099988) 
thrown [s\src\hotspot\share\interpreter\linkResolver.cpp, line 804]

VM Operations (18 events):
Event: 0.047 Executing non-safepoint VM operation: HandshakeAllThreads (Deoptimize)
Event: 0.047 Executing non-safepoint VM operation: HandshakeAllThreads (Deoptimize) done
Event: 0.066 Executing non-safepoint VM operation: HandshakeAllThreads (Deoptimize)
Event: 0.066 Executing non-safepoint VM operation: HandshakeAllThreads (Deoptimize) done
Event: 0.215 Executing non-safepoint VM operation: HandshakeAllThreads (Deoptimize)
Event: 0.215 Executing non-safepoint VM operation: HandshakeAllThreads (Deoptimize) done
Event: 0.243 Executing non-safepoint VM operation: HandshakeAllThreads (Deoptimize)
Event: 0.243 Executing non-safepoint VM operation: HandshakeAllThreads (Deoptimize) done
Event: 0.384 Executing non-safepoint VM operation: HandshakeAllThreads (Deoptimize)
Event: 0.384 Executing non-safepoint VM operation: HandshakeAllThreads (Deoptimize) done
Event: 0.394 Executing non-safepoint VM operation: HandshakeAllThreads (Deoptimize)
Event: 0.394 Executing non-safepoint VM operation: HandshakeAllThreads (Deoptimize) done
Event: 11.678 Executing non-safepoint VM operation: HandshakeAllThreads (Deoptimize)
Event: 11.678 Executing non-safepoint VM operation: HandshakeAllThreads (Deoptimize) done
Event: 60.083 Executing non-safepoint VM operation: HandshakeAllThreads (HandshakeForDeflation)
Event: 60.083 Executing non-safepoint VM operation: HandshakeAllThreads (HandshakeForDeflation) done
Event: 60.083 Executing non-safepoint VM operation: RendezvousGCThreads
Event: 60.083 Executing non-safepoint VM operation: RendezvousGCThreads done

Memory protections (0 events):
No events

Nmethod flushes (0 events):
No events

Events (20 events):
Event: 0.023 Thread 0x000001f3cb98d2e0 Thread added: 0x000001f3ed679930
Event: 0.023 Thread 0x000001f3cb98d2e0 Thread added: 0x000001f3ed67a0f0
Event: 0.023 Thread 0x000001f3cb98d2e0 Thread added: 0x000001f3ed685850
Event: 0.023 Thread 0x000001f3cb98d2e0 Thread added: 0x000001f3ed686f80
Event: 0.023 Thread 0x000001f3cb98d2e0 Thread added: 0x000001f3ed68ed00
Event: 0.023 Thread 0x000001f3cb98d2e0 Thread added: 0x000001f3ed697710
Event: 0.038 Thread 0x000001f3cb98d2e0 Thread added: 0x000001f3ed9c6c30
Event: 0.071 Thread 0x000001f3ed697710 Thread added: 0x000001f3ed695ee0
Event: 0.075 Thread 0x000001f3cb98d2e0 Thread added: 0x000001f3edb1e080
Event: 0.111 Thread 0x000001f3cb98d2e0 Thread added: 0x000001f3f2342fa0
Event: 0.112 Thread 0x000001f3cb98d2e0 Thread added: 0x000001f3f242ed60
Event: 0.112 Thread 0x000001f3cb98d2e0 Thread added: 0x000001f3f242f730
Event: 0.120 Thread 0x000001f3cb98d2e0 Thread added: 0x000001f3f230b310
Event: 0.120 Thread 0x000001f3cb98d2e0 Thread exited: 0x000001f3cb98d2e0
Event: 0.120 Thread 0x000001f3cb98d2e0 Thread added: 0x000001f3cb98d2e0
Event: 0.194 Thread 0x000001f3ed695ee0 Thread exited: 0x000001f3ed695ee0
Event: 0.210 Thread 0x000001f3ed697710 Thread added: 0x000001f3ed696f00
Event: 0.265 Thread 0x000001f3f230b310 Thread added: 0x000001f3fb5d0b50
Event: 0.355 Thread 0x000001f3f230b310 Thread added: 0x000001f3fb7b6d30
Event: 0.807 Thread 0x000001f3ed696f00 Thread exited: 0x000001f3ed696f00


Dynamic libraries:
0x00007ff67a9d0000 - 0x00007ff67a9de000 	C:\Program Files\Eclipse Adoptium\jdk-25.0.2.10-hotspot\bin\javaw.exe
0x00007ff881f00000 - 0x00007ff882167000 	C:\WINDOWS\SYSTEM32\ntdll.dll
0x00007ff880750000 - 0x00007ff880819000 	C:\WINDOWS\System32\KERNEL32.DLL
0x00007ff87ec00000 - 0x00007ff87eff7000 	C:\WINDOWS\System32\KERNELBASE.dll
0x00007ff87fb30000 - 0x00007ff87fc7b000 	C:\WINDOWS\System32\ucrtbase.dll
0x00007ff87c0e0000 - 0x00007ff87c0fe000 	C:\Program Files\Eclipse Adoptium\jdk-25.0.2.10-hotspot\bin\VCRUNTIME140.dll
0x00007ff872020000 - 0x00007ff872036000 	C:\Program Files\Eclipse Adoptium\jdk-25.0.2.10-hotspot\bin\jli.dll
0x00007ff880e70000 - 0x00007ff881036000 	C:\WINDOWS\System32\USER32.dll
0x00007ff86e3b0000 - 0x00007ff86e642000 	C:\WINDOWS\WinSxS\amd64_microsoft.windows.common-controls_6595b64144ccf1df_6.0.26100.8457_none_3e0b2faee331e92d\COMCTL32.dll
0x00007ff87e930000 - 0x00007ff87e957000 	C:\WINDOWS\System32\win32u.dll
0x00007ff880210000 - 0x00007ff8802b9000 	C:\WINDOWS\System32\msvcrt.dll
0x00007ff87ffe0000 - 0x00007ff88000b000 	C:\WINDOWS\System32\GDI32.dll
0x00007ff87e960000 - 0x00007ff87ea8c000 	C:\WINDOWS\System32\gdi32full.dll
0x00007ff87f000000 - 0x00007ff87f0a3000 	C:\WINDOWS\System32\msvcp_win.dll
0x00007ff880aa0000 - 0x00007ff880ad2000 	C:\WINDOWS\System32\IMM32.DLL
0x00007ff872010000 - 0x00007ff87201c000 	C:\Program Files\Eclipse Adoptium\jdk-25.0.2.10-hotspot\bin\vcruntime140_1.dll
0x00007ff84fd60000 - 0x00007ff84fded000 	C:\Program Files\Eclipse Adoptium\jdk-25.0.2.10-hotspot\bin\msvcp140.dll
0x00007fff7d720000 - 0x00007fff7e646000 	C:\Program Files\Eclipse Adoptium\jdk-25.0.2.10-hotspot\bin\server\jvm.dll
0x00007ff8805d0000 - 0x00007ff880686000 	C:\WINDOWS\System32\ADVAPI32.dll
0x00007ff87fc80000 - 0x00007ff87fd27000 	C:\WINDOWS\System32\sechost.dll
0x00007ff87feb0000 - 0x00007ff87ffc8000 	C:\WINDOWS\System32\RPCRT4.dll
0x00007ff880820000 - 0x00007ff8808a0000 	C:\WINDOWS\System32\WS2_32.dll
0x00007ff87e790000 - 0x00007ff87e7ee000 	C:\WINDOWS\SYSTEM32\POWRPROF.dll
0x00007ff875550000 - 0x00007ff87555b000 	C:\WINDOWS\SYSTEM32\VERSION.dll
0x00007ff875650000 - 0x00007ff875686000 	C:\WINDOWS\SYSTEM32\WINMM.dll
0x00007ff87e770000 - 0x00007ff87e784000 	C:\WINDOWS\SYSTEM32\UMPDC.dll
0x00007ff87d6c0000 - 0x00007ff87d6db000 	C:\WINDOWS\SYSTEM32\kernel.appcore.dll
0x00007ff869ba0000 - 0x00007ff869baa000 	C:\Program Files\Eclipse Adoptium\jdk-25.0.2.10-hotspot\bin\jimage.dll
0x00007ff873d60000 - 0x00007ff873fa2000 	C:\WINDOWS\SYSTEM32\DBGHELP.DLL
0x00007ff880ae0000 - 0x00007ff880e63000 	C:\WINDOWS\System32\combase.dll
0x00007ff880350000 - 0x00007ff880429000 	C:\WINDOWS\System32\OLEAUT32.dll
0x00007ff868f50000 - 0x00007ff868f8b000 	C:\WINDOWS\SYSTEM32\dbgcore.DLL
0x00007ff87ea90000 - 0x00007ff87eb38000 	C:\WINDOWS\System32\bcryptPrimitives.dll
0x00007ff863be0000 - 0x00007ff863bfe000 	C:\Program Files\Eclipse Adoptium\jdk-25.0.2.10-hotspot\bin\java.dll
0x00007ff880430000 - 0x00007ff8805c7000 	C:\WINDOWS\System32\ole32.dll
0x00007ff881740000 - 0x00007ff881eae000 	C:\WINDOWS\System32\SHELL32.dll
0x00007ff87f2c0000 - 0x00007ff87fb2c000 	C:\WINDOWS\System32\windows.storage.dll
0x00007ff881040000 - 0x00007ff881136000 	C:\WINDOWS\System32\SHCORE.dll
0x00007ff8808b0000 - 0x00007ff880916000 	C:\WINDOWS\System32\shlwapi.dll
0x00007ff87e850000 - 0x00007ff87e879000 	C:\WINDOWS\SYSTEM32\profapi.dll
0x00007ff861050000 - 0x00007ff861061000 	C:\Program Files\Eclipse Adoptium\jdk-25.0.2.10-hotspot\bin\net.dll
0x00007ff87dc30000 - 0x00007ff87dc9c000 	C:\WINDOWS\system32\mswsock.dll
0x00007ff861030000 - 0x00007ff861046000 	C:\Program Files\Eclipse Adoptium\jdk-25.0.2.10-hotspot\bin\nio.dll
0x00007ff854d40000 - 0x00007ff854d57000 	C:\Program Files\Eclipse Adoptium\jdk-25.0.2.10-hotspot\bin\zip.dll
0x00007fff888a0000 - 0x00007fff88a20000 	C:\Program Files\Eclipse Adoptium\jdk-25.0.2.10-hotspot\bin\awt.dll
0x00007ff87c200000 - 0x00007ff87c2a0000 	C:\WINDOWS\SYSTEM32\apphelp.dll
0x00007ff87c470000 - 0x00007ff87c51a000 	C:\WINDOWS\system32\uxtheme.dll
0x00007ff880920000 - 0x00007ff880a7c000 	C:\WINDOWS\System32\MSCTF.dll
0x00007ff87c710000 - 0x00007ff87c73f000 	C:\WINDOWS\system32\DWMAPI.DLL
0x00007ff81a350000 - 0x00007ff81a45f000 	C:\WINDOWS\system32\opengl32.dll
0x00007ff853fb0000 - 0x00007ff853fdd000 	C:\WINDOWS\SYSTEM32\GLU32.dll
0x00007ff87c550000 - 0x00007ff87c595000 	C:\WINDOWS\SYSTEM32\dxcore.dll
0x00007fffbfbe0000 - 0x00007fffc22fb000 	C:\WINDOWS\System32\DriverStore\FileRepository\u0200433.inf_amd64_4972d231f4dc3f24\B025963\AMDXN64.DLL
0x00007ff881250000 - 0x00007ff8816d7000 	C:\WINDOWS\System32\SETUPAPI.dll
0x00007ff87c5a0000 - 0x00007ff87c6de000 	C:\WINDOWS\SYSTEM32\dxgi.dll
0x00007ff87e820000 - 0x00007ff87e84a000 	C:\WINDOWS\SYSTEM32\BCrypt.dll
0x00007ff8754c0000 - 0x00007ff8754fc000 	C:\WINDOWS\System32\DriverStore\FileRepository\u0200433.inf_amd64_4972d231f4dc3f24\B025963\amdihk64.dll
0x00007fff88470000 - 0x00007fff884f7000 	C:\Program Files\Eclipse Adoptium\jdk-25.0.2.10-hotspot\bin\freetype.dll
0x00007fff81170000 - 0x00007fff8125f000 	C:\Program Files\Eclipse Adoptium\jdk-25.0.2.10-hotspot\bin\fontmanager.dll
0x00007ff881140000 - 0x00007ff8811ee000 	C:\WINDOWS\System32\clbcatq.dll
0x00007ff87a4b0000 - 0x00007ff87a6dd000 	C:\WINDOWS\SYSTEM32\WindowsCodecs.dll
0x00007ff860da0000 - 0x00007ff860dfa000 	C:\WINDOWS\system32\dataexchange.dll
0x00007ff8750a0000 - 0x00007ff8752ee000 	C:\WINDOWS\system32\twinapi.appcore.dll
0x00007ff86bce0000 - 0x00007ff86be26000 	C:\WINDOWS\SYSTEM32\textinputframework.dll
0x00007ff87bd00000 - 0x00007ff87be27000 	C:\WINDOWS\SYSTEM32\CoreMessaging.dll
0x00007ff878d50000 - 0x00007ff879032000 	C:\WINDOWS\SYSTEM32\CoreUIComponents.dll
0x00007ff8792f0000 - 0x00007ff87945a000 	C:\WINDOWS\SYSTEM32\wintypes.dll
0x00007ff87df10000 - 0x00007ff87df1c000 	C:\WINDOWS\SYSTEM32\CRYPTBASE.DLL

JVMTI agents: none

dbghelp: loaded successfully - version: 4.0.5 - missing functions: none
symbol engine: initialized successfully - sym options: 0x614 - pdb path: .;C:\Program Files\Eclipse Adoptium\jdk-25.0.2.10-hotspot\bin;C:\WINDOWS\SYSTEM32;C:\WINDOWS\WinSxS\amd64_microsoft.windows.common-controls_6595b64144ccf1df_6.0.26100.8457_none_3e0b2faee331e92d;C:\Program Files\Eclipse Adoptium\jdk-25.0.2.10-hotspot\bin\server;C:\WINDOWS\System32\DriverStore\FileRepository\u0200433.inf_amd64_4972d231f4dc3f24\B025963

VM Arguments:
jvm_args: -Dfile.encoding=UTF-8 -Dstdout.encoding=UTF-8 -Dstderr.encoding=UTF-8 --module-path=C:\Users\tripl\OneDrive\Documentos\mysql-connector-j-9.7.0\mysql-connector-j-9.7.0.jar -XX:+ShowCodeDetailsInExceptionMessages 
java_command: components.Janela1
java_class_path (initial): C:\Users\tripl\OneDrive\Documentos\EscolaSistema\SistemaAcademico\bin
Launcher Type: SUN_STANDARD

[Global flags]
     intx CICompilerCount                          = 4                                         {product} {ergonomic}
     uint ConcGCThreads                            = 3                                         {product} {ergonomic}
     uint G1ConcRefinementThreads                  = 10                                        {product} {ergonomic}
   size_t G1HeapRegionSize                         = 2097152                                   {product} {ergonomic}
   size_t InitialHeapSize                          = 268435456                                 {product} {ergonomic}
   size_t MarkStackSize                            = 4194304                                   {product} {ergonomic}
   size_t MarkStackSizeMax                         = 536870912                                 {product} {ergonomic}
   size_t MaxHeapSize                              = 4276092928                                {product} {ergonomic}
   size_t MaxNewSize                               = 2564816896                                {product} {ergonomic}
   size_t MinHeapDeltaBytes                        = 2097152                                   {product} {ergonomic}
   size_t MinHeapSize                              = 8388608                                   {product} {ergonomic}
    uintx NonNMethodCodeHeapSize                   = 5832704                                {pd product} {ergonomic}
    uintx NonProfiledCodeHeapSize                  = 122945536                              {pd product} {ergonomic}
    uintx ProfiledCodeHeapSize                     = 122880000                              {pd product} {ergonomic}
    uintx ReservedCodeCacheSize                    = 251658240                              {pd product} {ergonomic}
     bool SegmentedCodeCache                       = true                                      {product} {ergonomic}
     bool ShowCodeDetailsInExceptionMessages       = true                                   {manageable} {command line}
   size_t SoftMaxHeapSize                          = 4276092928                             {manageable} {ergonomic}
     bool UseCompressedOops                        = true                           {product lp64_product} {ergonomic}
     bool UseG1GC                                  = true                                      {product} {ergonomic}
     bool UseLargePagesIndividualAllocation        = false                                  {pd product} {ergonomic}

Logging:
Log output configuration:
 #0: stdout all=warning uptime,level,tags foldmultilines=false
 #1: stderr all=off uptime,level,tags foldmultilines=false

Release file:
IMPLEMENTOR="Eclipse Adoptium" 
IMPLEMENTOR_VERSION="Temurin-25.0.2+10" 
JAVA_RUNTIME_VERSION="25.0.2+10-LTS" 
JAVA_VERSION="25.0.2" 
JAVA_VERSION_DATE="2026-01-20" 
LIBC="default" 
MODULES="java.base java.compiler java.datatransfer java.xml java.prefs java.desktop java.instrument java.logging java.management java.security.sasl java.naming java.rmi java.management.rmi java.net.http java.scripting java.security.jgss java.transaction.xa java.sql java.sql.rowset java.xml.crypto java.se java.smartcardio jdk.accessibility jdk.internal.jvmstat jdk.attach jdk.charsets jdk.internal.opt jdk.zipfs jdk.compiler jdk.crypto.cryptoki jdk.crypto.ec jdk.crypto.mscapi jdk.dynalink jdk.internal.ed jdk.editpad jdk.internal.vm.ci jdk.graal.compiler jdk.graal.compiler.management jdk.hotspot.agent jdk.httpserver jdk.incubator.vector jdk.internal.le jdk.internal.md jdk.jartool jdk.javadoc jdk.jcmd jdk.management jdk.management.agent jdk.jconsole jdk.jdeps jdk.jdwp.agent jdk.jdi jdk.jfr jdk.jlink jdk.jpackage jdk.jshell jdk.jsobject jdk.jstatd jdk.localedata jdk.management.jfr jdk.naming.dns jdk.naming.rmi jdk.net jdk.nio.mapmode jdk.sctp jdk.security.auth jdk.security.jgss jdk.unsupported jdk.unsupported.desktop jdk.xml.dom" 
OS_ARCH="x86_64" 
OS_NAME="Windows" 
SOURCE=".:git:9e3c947043a4" 
BUILD_SOURCE="git:458965074606f027bd5afce2cfd5c1055dea0438"
BUILD_SOURCE_REPO="https://github.com/adoptium/temurin-build.git"
SOURCE_REPO="https://github.com/adoptium/jdk25u.git"
FULL_VERSION="25.0.2+10-LTS"
SEMANTIC_VERSION="25.0.2+10"
BUILD_INFO="OS: Windows Server 2022 Version: 10.0"
JVM_VARIANT="Hotspot"
JVM_VERSION="25.0.2+10-LTS"
IMAGE_TYPE="JDK"

Environment Variables:
PATH=C:/Users/tripl/.p2/pool/plugins/org.eclipse.justj.openjdk.hotspot.jre.full.win32.x86_64_21.0.10.v20260205-0638/jre/bin/server;C:/Users/tripl/.p2/pool/plugins/org.eclipse.justj.openjdk.hotspot.jre.full.win32.x86_64_21.0.10.v20260205-0638/jre/bin;C:\Program Files\Eclipse Adoptium\jdk-25.0.2.10-hotspot\bin;C:\WINDOWS\system32;C:\WINDOWS;C:\WINDOWS\System32\Wbem;C:\WINDOWS\System32\WindowsPowerShell\v1.0\;C:\WINDOWS\System32\OpenSSH\;C:\Program Files\dotnet\;C:\Program Files\Git\cmd;C:\Program Files\nodejs\;C:\Program Files\Calibre2\;C:\Users\tripl\AppData\Local\Microsoft\WindowsApps;C:\Users\tripl\AppData\Local\Programs\Microsoft VS Code\bin;C:\Users\tripl\AppData\Local\Python\bin;C:\Users\tripl\AppData\Local\Microsoft\WinGet\Packages\Gyan.FFmpeg_Microsoft.Winget.Source_8wekyb3d8bbwe\ffmpeg-8.1-full_build\bin;C:\Program Files\MySQL\MySQL Server 8.0\bin;C:\Users\tripl\AppData\Roaming\npm;C:\WINDOWS\system32;
USERNAME=tripl
OS=Windows_NT
PROCESSOR_IDENTIFIER=AMD64 Family 25 Model 33 Stepping 2, AuthenticAMD
TMP=C:\Users\tripl\AppData\Local\Temp
TEMP=C:\Users\tripl\AppData\Local\Temp




Compilation memory statistics disabled.

Periodic native trim disabled

---------------  S Y S T E M  ---------------

OS:
 Windows 11 , 64 bit Build 26100 (10.0.26100.8328)
OS uptime: 0 days 0:43 hours

CPU: total 12 (initial active 12) (12 cores per cpu, 2 threads per core) family 25 model 33 stepping 2 microcode 0xa20120a, cx8, cmov, fxsr, ht, mmx, 3dnowpref, sse, sse2, sse3, ssse3, sse4a, sse4.1, sse4.2, popcnt, lzcnt, tsc, tscinvbit, avx, avx2, aes, erms, clmul, bmi1, bmi2, adx, sha, fma, vzeroupper, clflush, clflushopt, clwb, rdtscp, rdpid, fsrm, f16c, pku, cet_ss
Processor Information for the first 12 processors :
  Max Mhz: 3501, Current Mhz: 3501, Mhz Limit: 3501

Memory: 4k page, system-wide physical 16308M (4189M free)
TotalPageFile size 39860M (AvailPageFile size 23635M)
current process WorkingSet (physical memory assigned to process): 119M, peak: 146M
current process commit charge ("private bytes"): 422M, peak: 456M

vm_info: OpenJDK 64-Bit Server VM (25.0.2+10-LTS) for windows-amd64 JRE (25.0.2+10-LTS), built on 2026-01-20T00:00:00Z with MS VC++ 17.12 (VS2022)

END.
